==============================================================
File generated by Vivado(TM) HLS - High-Level Synthesis from C, C++ and SystemC
Version: 2018.2
Copyright (C) 1986-2018 Xilinx, Inc. All Rights Reserved.

==============================================================

==============================================================
File generated by Vivado(TM) HLS - High-Level Synthesis from C, C++ and SystemC
Version: 2018.2
Copyright (C) 1986-2018 Xilinx, Inc. All Rights Reserved.

==============================================================

==============================================================
File generated by Vivado(TM) HLS - High-Level Synthesis from C, C++ and SystemC
Version: 2018.2
Copyright (C) 1986-2018 Xilinx, Inc. All Rights Reserved.

==============================================================

INFO: [SYN 201-201] Setting up clock 'default' with a period of 3.33333ns.
INFO: [HLS 200-10] Setting target device to 'xcku5p-sfvb784-3-e'
INFO: [HLS 200-10] Adding design file 'intersect.cc' to the project
WARNING: [HLS 200-40] Cannot find source file invert.cc; skipping it.
INFO: [HLS 200-10] Analyzing design file 'intersect.cc' ... 
WARNING: [HLS 200-40] In file included from intersect.cc:1:
intersect.cc:15:5: error: use of undeclared identifier 'out'
    out.push(item);
    ^
intersect.cc:22:22: error: no member named 'pop' in 'hlslib::Stream<int, 1>'; did you mean 'Pop'?
 const int item=i_in.pop();
                     ^~~
                     Pop
../hlslib/include/hlslib/Stream.h:261:5: note: 'Pop' declared here
  T Pop() {
    ^
In file included from intersect.cc:1:
intersect.cc:27:15: error: no member named 'push' in 'hlslib::Stream<int, 1>'; did you mean 'Push'?
        i_out.push(item);
              ^~~~
              Push
../hlslib/include/hlslib/Stream.h:369:8: note: 'Push' declared here
  void Push(T const &val) {
       ^
In file included from intersect.cc:1:
intersect.cc:29:24: error: no member named 'push' in 'hlslib::Stream<int, 1>'; did you mean 'Push'?
    if (flag==0) i_out.push(-1);
                       ^~~~
                       Push
../hlslib/include/hlslib/Stream.h:369:8: note: 'Push' declared here
  void Push(T const &val) {
       ^
In file included from intersect.cc:1:
intersect.cc:37:22: error: no member named 'pop' in 'hlslib::Stream<int, 1>'; did you mean 'Pop'?
 const int item=i_in.pop();
                     ^~~
                     Pop
../hlslib/include/hlslib/Stream.h:261:5: note: 'Pop' declared here
  T Pop() {
    ^
In file included from intersect.cc:1:
intersect.cc:55:3: error: use of undeclared identifier 'HLSLIB_DATTAFLOW_FUNCTION'
  HLSLIB_DATTAFLOW_FUNCTION(readItem,adj1,items1);
  ^
intersect.cc:56:3: error: use of undeclared identifier 'HLSLIB_DATTAFLOW_FUNCTION'
  HLSLIB_DATTAFLOW_FUNCTION(readCompare,adj2,items1,items2);
  ^
intersect.cc:57:3: error: use of undeclared identifier 'HLSLIB_DATTAFLOW_FUNCTION'
  HLSLIB_DATTAFLOW_FUNCTION(writeResult,adj_out,items2);
  ^
intersect.cc:58:3: error: use of undeclared identifier 'HLSLIB_DATTAFLOW_FINALIZE'
  HLSLIB_DATTAFLOW_FINALIZE();
  ^
intersect.cc:60:3: error: use of undeclared identifier 'print'
  print("First Adj: ");
  ^
intersect.cc:63:7: error: use of undeclared identifier 'print'
      print(adj1[i]," ");
      ^
intersect.cc:66:3: error: use of undeclared identifier 'print'
  print("\nSecond Adj: ");
  ^
intersect.cc:69:7: error: use of undeclared identifier 'print'
      print(adj2[i]," ");
      ^
intersect.cc:72:3: error: use of undeclared identifier 'print'
  print("\nIntersect Adj: ");
  ^
intersect.cc:75:7: error: use of undeclared identifier 'print'
      print(adj_out[i]," ");
      ^
intersect.cc:78:3: error: use of undeclared identifier 'print'
  print("------Done------");
  ^
16 errors generated.\n
ERROR: [HLS 200-70] Compilation errors found: Pragma processor failed: In file included from intersect.cc:1:
intersect.cc:15:5: error: use of undeclared identifier 'out'
    out.push(item);
    ^
intersect.cc:22:22: error: no member named 'pop' in 'hlslib::Stream<int, 1>'; did you mean 'Pop'?
 const int item=i_in.pop();
                     ^~~
                     Pop
../hlslib/include/hlslib/Stream.h:261:5: note: 'Pop' declared here
  T Pop() {
    ^
In file included from intersect.cc:1:
intersect.cc:27:15: error: no member named 'push' in 'hlslib::Stream<int, 1>'; did you mean 'Push'?
        i_out.push(item);
              ^~~~
              Push
../hlslib/include/hlslib/Stream.h:369:8: note: 'Push' declared here
  void Push(T const &val) {
       ^
In file included from intersect.cc:1:
intersect.cc:29:24: error: no member named 'push' in 'hlslib::Stream<int, 1>'; did you mean 'Push'?
    if (flag==0) i_out.push(-1);
                       ^~~~
                       Push
../hlslib/include/hlslib/Stream.h:369:8: note: 'Push' declared here
  void Push(T const &val) {
       ^
In file included from intersect.cc:1:
intersect.cc:37:22: error: no member named 'pop' in 'hlslib::Stream<int, 1>'; did you mean 'Pop'?
 const int item=i_in.pop();
                     ^~~
                     Pop
../hlslib/include/hlslib/Stream.h:261:5: note: 'Pop' declared here
  T Pop() {
    ^
In file included from intersect.cc:1:
intersect.cc:55:3: error: use of undeclared identifier 'HLSLIB_DATTAFLOW_FUNCTION'
  HLSLIB_DATTAFLOW_FUNCTION(readItem,adj1,items1);
  ^
intersect.cc:56:3: error: use of undeclared identifier 'HLSLIB_DATTAFLOW_FUNCTION'
  HLSLIB_DATTAFLOW_FUNCTION(readCompare,adj2,items1,items2);
  ^
intersect.cc:57:3: error: use of undeclared identifier 'HLSLIB_DATTAFLOW_FUNCTION'
  HLSLIB_DATTAFLOW_FUNCTION(writeResult,adj_out,items2);
  ^
intersect.cc:58:3: error: use of undeclared identifier 'HLSLIB_DATTAFLOW_FINALIZE'
  HLSLIB_DATTAFLOW_FINALIZE();
  ^
intersect.cc:60:3: error: use of undeclared identifier 'print'
  print("First Adj: ");
  ^
intersect.cc:63:7: error: use of undeclared identifier 'print'
      print(adj1[i]," ");
      ^
intersect.cc:66:3: error: use of undeclared identifier 'print'
  print("\nSecond Adj: ");
  ^
intersect.cc:69:7: error: use of undeclared identifier 'print'
      print(adj2[i]," ");
      ^
intersect.cc:72:3: error: use of undeclared identifier 'print'
  print("\nIntersect Adj: ");
  ^
intersect.cc:75:7: error: use of undeclared identifier 'print'
      print(adj_out[i]," ");
      ^
intersect.cc:78:3: error: use of undeclared identifier 'print'
  print("------Done------");
  ^
16 errors generated.
==============================================================
File generated by Vivado(TM) HLS - High-Level Synthesis from C, C++ and SystemC
Version: 2018.2
Copyright (C) 1986-2018 Xilinx, Inc. All Rights Reserved.

==============================================================

INFO: [SYN 201-201] Setting up clock 'default' with a period of 3.33333ns.
INFO: [HLS 200-10] Setting target device to 'xcku5p-sfvb784-3-e'
INFO: [HLS 200-10] Adding design file 'intersect.cc' to the project
WARNING: [HLS 200-40] Cannot find source file invert.cc; skipping it.
INFO: [HLS 200-10] Analyzing design file 'intersect.cc' ... 
WARNING: [HLS 200-40] In file included from intersect.cc:1:
intersect.cc:15:5: error: use of undeclared identifier 'out'
    out.Push(item);
    ^
intersect.cc:55:3: error: use of undeclared identifier 'HLSLIB_DATTAFLOW_FUNCTION'
  HLSLIB_DATTAFLOW_FUNCTION(readItem,adj1,items1);
  ^
intersect.cc:56:3: error: use of undeclared identifier 'HLSLIB_DATTAFLOW_FUNCTION'
  HLSLIB_DATTAFLOW_FUNCTION(readCompare,adj2,items1,items2);
  ^
intersect.cc:57:3: error: use of undeclared identifier 'HLSLIB_DATTAFLOW_FUNCTION'
  HLSLIB_DATTAFLOW_FUNCTION(writeResult,adj_out,items2);
  ^
intersect.cc:58:3: error: use of undeclared identifier 'HLSLIB_DATTAFLOW_FINALIZE'
  HLSLIB_DATTAFLOW_FINALIZE();
  ^
intersect.cc:63:7: error: no matching function for call to 'printf'
      printf(adj1[i]," ");
      ^~~~~~
/usr/include/stdio.h:362:12: note: candidate function not viable: no known conversion from 'DataPackProxy<int, 32>' to 'const char *restrict' for 1st argument; 
extern int printf (const char *__restrict __format, ...);
           ^
In file included from intersect.cc:1:
intersect.cc:69:7: error: no matching function for call to 'printf'
      printf(adj2[i]," ");
      ^~~~~~
/usr/include/stdio.h:362:12: note: candidate function not viable: no known conversion from 'DataPackProxy<int, 32>' to 'const char *restrict' for 1st argument; 
extern int printf (const char *__restrict __format, ...);
           ^
In file included from intersect.cc:1:
intersect.cc:75:7: error: no matching function for call to 'printf'
      printf(adj_out[i]," ");
      ^~~~~~
/usr/include/stdio.h:362:12: note: candidate function not viable: no known conversion from 'DataPackProxy<int, 32>' to 'const char *restrict' for 1st argument; 
extern int printf (const char *__restrict __format, ...);
           ^
8 errors generated.\n
ERROR: [HLS 200-70] Compilation errors found: Pragma processor failed: In file included from intersect.cc:1:
intersect.cc:15:5: error: use of undeclared identifier 'out'
    out.Push(item);
    ^
intersect.cc:55:3: error: use of undeclared identifier 'HLSLIB_DATTAFLOW_FUNCTION'
  HLSLIB_DATTAFLOW_FUNCTION(readItem,adj1,items1);
  ^
intersect.cc:56:3: error: use of undeclared identifier 'HLSLIB_DATTAFLOW_FUNCTION'
  HLSLIB_DATTAFLOW_FUNCTION(readCompare,adj2,items1,items2);
  ^
intersect.cc:57:3: error: use of undeclared identifier 'HLSLIB_DATTAFLOW_FUNCTION'
  HLSLIB_DATTAFLOW_FUNCTION(writeResult,adj_out,items2);
  ^
intersect.cc:58:3: error: use of undeclared identifier 'HLSLIB_DATTAFLOW_FINALIZE'
  HLSLIB_DATTAFLOW_FINALIZE();
  ^
intersect.cc:63:7: error: no matching function for call to 'printf'
      printf(adj1[i]," ");
      ^~~~~~
/usr/include/stdio.h:362:12: note: candidate function not viable: no known conversion from 'DataPackProxy<int, 32>' to 'const char *restrict' for 1st argument; 
extern int printf (const char *__restrict __format, ...);
           ^
In file included from intersect.cc:1:
intersect.cc:69:7: error: no matching function for call to 'printf'
      printf(adj2[i]," ");
      ^~~~~~
/usr/include/stdio.h:362:12: note: candidate function not viable: no known conversion from 'DataPackProxy<int, 32>' to 'const char *restrict' for 1st argument; 
extern int printf (const char *__restrict __format, ...);
           ^
In file included from intersect.cc:1:
intersect.cc:75:7: error: no matching function for call to 'printf'
      printf(adj_out[i]," ");
      ^~~~~~
/usr/include/stdio.h:362:12: note: candidate function not viable: no known conversion from 'DataPackProxy<int, 32>' to 'const char *restrict' for 1st argument; 
extern int printf (const char *__restrict __format, ...);
           ^
8 errors generated.
==============================================================
File generated by Vivado(TM) HLS - High-Level Synthesis from C, C++ and SystemC
Version: 2018.2
Copyright (C) 1986-2018 Xilinx, Inc. All Rights Reserved.

==============================================================

INFO: [SYN 201-201] Setting up clock 'default' with a period of 3.33333ns.
INFO: [HLS 200-10] Setting target device to 'xcku5p-sfvb784-3-e'
INFO: [HLS 200-10] Adding design file 'intersect.cc' to the project
WARNING: [HLS 200-40] Cannot find source file invert.cc; skipping it.
INFO: [HLS 200-10] Analyzing design file 'intersect.cc' ... 
WARNING: [HLS 200-40] In file included from intersect.cc:1:
intersect.cc:15:5: error: use of undeclared identifier 'out'
    out.Push(item);
    ^
intersect.cc:55:3: error: use of undeclared identifier 'HLSLIB_DATTAFLOW_FUNCTION'
  HLSLIB_DATTAFLOW_FUNCTION(readItem,adj1,items1);
  ^
intersect.cc:56:3: error: use of undeclared identifier 'HLSLIB_DATTAFLOW_FUNCTION'
  HLSLIB_DATTAFLOW_FUNCTION(readCompare,adj2,items1,items2);
  ^
intersect.cc:57:3: error: use of undeclared identifier 'HLSLIB_DATTAFLOW_FUNCTION'
  HLSLIB_DATTAFLOW_FUNCTION(writeResult,adj_out,items2);
  ^
intersect.cc:58:3: error: use of undeclared identifier 'HLSLIB_DATTAFLOW_FINALIZE'
  HLSLIB_DATTAFLOW_FINALIZE();
  ^
intersect.cc:60:27: error: cannot pass object of non-trivial type 'DataPackProxy<int, 32>' through variadic function; call will abort at runtime [-Wnon-pod-varargs]
  printf("First Adj: %d", adj1[0]);
                          ^
intersect.cc:60:23: warning: format specifies type 'int' but the argument has type 'DataPackProxy<int, 32>' [-Wformat]
  printf("First Adj: %d", adj1[0]);
                     ~^   ~~~~~~~
intersect.cc:63:20: error: cannot pass object of non-trivial type 'DataPackProxy<int, 32>' through variadic function; call will abort at runtime [-Wnon-pod-varargs]
      printf("%d ",adj1[i]);
                   ^
intersect.cc:63:16: warning: format specifies type 'int' but the argument has type 'DataPackProxy<int, 32>' [-Wformat]
      printf("%d ",adj1[i]);
              ~^   ~~~~~~~
intersect.cc:66:30: error: cannot pass object of non-trivial type 'DataPackProxy<int, 32>' through variadic function; call will abort at runtime [-Wnon-pod-varargs]
  printf("\nSecond Adj: %d", adj2[0]);
                             ^
intersect.cc:66:26: warning: format specifies type 'int' but the argument has type 'DataPackProxy<int, 32>' [-Wformat]
  printf("\nSecond Adj: %d", adj2[0]);
                        ~^   ~~~~~~~
intersect.cc:69:20: error: cannot pass object of non-trivial type 'DataPackProxy<int, 32>' through variadic function; call will abort at runtime [-Wnon-pod-varargs]
      printf("%d ",adj2[i]);
                   ^
intersect.cc:69:16: warning: format specifies type 'int' but the argument has type 'DataPackProxy<int, 32>' [-Wformat]
      printf("%d ",adj2[i]);
              ~^   ~~~~~~~
intersect.cc:72:33: error: cannot pass object of non-trivial type 'DataPackProxy<int, 32>' through variadic function; call will abort at runtime [-Wnon-pod-varargs]
  printf("\nIntersect Adj: %d", adj_out[0]);
                                ^
intersect.cc:72:29: warning: format specifies type 'int' but the argument has type 'DataPackProxy<int, 32>' [-Wformat]
  printf("\nIntersect Adj: %d", adj_out[0]);
                           ~^   ~~~~~~~~~~
intersect.cc:75:21: error: cannot pass object of non-trivial type 'DataPackProxy<int, 32>' through variadic function; call will abort at runtime [-Wnon-pod-varargs]
      printf("%d, ",adj_out[i]);
                    ^
intersect.cc:75:16: warning: format specifies type 'int' but the argument has type 'DataPackProxy<int, 32>' [-Wformat]
      printf("%d, ",adj_out[i]);
              ~^    ~~~~~~~~~~
6 warnings and 11 errors generated.\n
ERROR: [HLS 200-70] Compilation errors found: Pragma processor failed: In file included from intersect.cc:1:
intersect.cc:15:5: error: use of undeclared identifier 'out'
    out.Push(item);
    ^
intersect.cc:55:3: error: use of undeclared identifier 'HLSLIB_DATTAFLOW_FUNCTION'
  HLSLIB_DATTAFLOW_FUNCTION(readItem,adj1,items1);
  ^
intersect.cc:56:3: error: use of undeclared identifier 'HLSLIB_DATTAFLOW_FUNCTION'
  HLSLIB_DATTAFLOW_FUNCTION(readCompare,adj2,items1,items2);
  ^
intersect.cc:57:3: error: use of undeclared identifier 'HLSLIB_DATTAFLOW_FUNCTION'
  HLSLIB_DATTAFLOW_FUNCTION(writeResult,adj_out,items2);
  ^
intersect.cc:58:3: error: use of undeclared identifier 'HLSLIB_DATTAFLOW_FINALIZE'
  HLSLIB_DATTAFLOW_FINALIZE();
  ^
intersect.cc:60:27: error: cannot pass object of non-trivial type 'DataPackProxy<int, 32>' through variadic function; call will abort at runtime [-Wnon-pod-varargs]
  printf("First Adj: %d", adj1[0]);
                          ^
intersect.cc:60:23: warning: format specifies type 'int' but the argument has type 'DataPackProxy<int, 32>' [-Wformat]
  printf("First Adj: %d", adj1[0]);
                     ~^   ~~~~~~~
intersect.cc:63:20: error: cannot pass object of non-trivial type 'DataPackProxy<int, 32>' through variadic function; call will abort at runtime [-Wnon-pod-varargs]
      printf("%d ",adj1[i]);
                   ^
intersect.cc:63:16: warning: format specifies type 'int' but the argument has type 'DataPackProxy<int, 32>' [-Wformat]
      printf("%d ",adj1[i]);
              ~^   ~~~~~~~
intersect.cc:66:30: error: cannot pass object of non-trivial type 'DataPackProxy<int, 32>' through variadic function; call will abort at runtime [-Wnon-pod-varargs]
  printf("\nSecond Adj: %d", adj2[0]);
                             ^
intersect.cc:66:26: warning: format specifies type 'int' but the argument has type 'DataPackProxy<int, 32>' [-Wformat]
  printf("\nSecond Adj: %d", adj2[0]);
                        ~^   ~~~~~~~
intersect.cc:69:20: error: cannot pass object of non-trivial type 'DataPackProxy<int, 32>' through variadic function; call will abort at runtime [-Wnon-pod-varargs]
      printf("%d ",adj2[i]);
                   ^
intersect.cc:69:16: warning: format specifies type 'int' but the argument has type 'DataPackProxy<int, 32>' [-Wformat]
      printf("%d ",adj2[i]);
              ~^   ~~~~~~~
intersect.cc:72:33: error: cannot pass object of non-trivial type 'DataPackProxy<int, 32>' through variadic function; call will abort at runtime [-Wnon-pod-varargs]
  printf("\nIntersect Adj: %d", adj_out[0]);
                                ^
intersect.cc:72:29: warning: format specifies type 'int' but the argument has type 'DataPackProxy<int, 32>' [-Wformat]
  printf("\nIntersect Adj: %d", adj_out[0]);
                           ~^   ~~~~~~~~~~
intersect.cc:75:21: error: cannot pass object of non-trivial type 'DataPackProxy<int, 32>' through variadic function; call will abort at runtime [-Wnon-pod-varargs]
      printf("%d, ",adj_out[i]);
                    ^
intersect.cc:75:16: warning: format specifies type 'int' but the argument has type 'DataPackProxy<int, 32>' [-Wformat]
      printf("%d, ",adj_out[i]);
              ~^    ~~~~~~~~~~
6 warnings and 11 errors generated.
==============================================================
File generated by Vivado(TM) HLS - High-Level Synthesis from C, C++ and SystemC
Version: 2018.2
Copyright (C) 1986-2018 Xilinx, Inc. All Rights Reserved.

==============================================================

==============================================================
File generated by Vivado(TM) HLS - High-Level Synthesis from C, C++ and SystemC
Version: 2018.2
Copyright (C) 1986-2018 Xilinx, Inc. All Rights Reserved.

==============================================================

INFO: [SYN 201-201] Setting up clock 'default' with a period of 3.33333ns.
INFO: [HLS 200-10] Setting target device to 'xcku5p-sfvb784-3-e'
INFO: [HLS 200-10] Adding design file 'intersect.cc' to the project
WARNING: [HLS 200-40] Cannot find source file invert.cc; skipping it.
INFO: [HLS 200-10] Analyzing design file 'intersect.cc' ... 
INFO: [HLS 200-111] Finished Linking Time (s): cpu = 00:00:30 ; elapsed = 00:00:31 . Memory (MB): peak = 365.773 ; gain = 0.086 ; free physical = 408 ; free virtual = 6638
INFO: [HLS 200-111] Finished Checking Pragmas Time (s): cpu = 00:00:30 ; elapsed = 00:00:31 . Memory (MB): peak = 365.773 ; gain = 0.086 ; free physical = 408 ; free virtual = 6638
INFO: [HLS 200-10] Starting code transformations ...
INFO: [XFORM 203-603] Inlining function 'hlslib::DataPack<int, 32>::Set' into 'hlslib::DataPack<int, 32>::Fill' (../hlslib/include/hlslib/DataPack.h:103).
INFO: [XFORM 203-603] Inlining function 'hlslib::DataPack<int, 32>::Set' into 'writeResult' (intersect.cc:42).
INFO: [XFORM 203-603] Inlining function 'hlslib::DataPack<int, 32>::Set' into 'writeResult' (intersect.cc:40).
INFO: [XFORM 203-603] Inlining function 'hlslib::DataPack<int, 32>::Fill' into 'intersect' (intersect.cc:52).
INFO: [XFORM 203-603] Inlining function 'hlslib::DataPack<int, 32>::Get' into 'intersect' (intersect.cc:75).
INFO: [XFORM 203-603] Inlining function 'hlslib::DataPack<int, 32>::Get' into 'intersect' (intersect.cc:74).
INFO: [XFORM 203-603] Inlining function 'hlslib::DataPack<int, 32>::Get' into 'intersect' (intersect.cc:72).
INFO: [XFORM 203-603] Inlining function 'hlslib::DataPack<int, 32>::Get' into 'intersect' (intersect.cc:69).
INFO: [XFORM 203-603] Inlining function 'hlslib::DataPack<int, 32>::Get' into 'intersect' (intersect.cc:68).
INFO: [XFORM 203-603] Inlining function 'hlslib::DataPack<int, 32>::Get' into 'intersect' (intersect.cc:66).
INFO: [XFORM 203-603] Inlining function 'hlslib::DataPack<int, 32>::Get' into 'intersect' (intersect.cc:63).
INFO: [XFORM 203-603] Inlining function 'hlslib::DataPack<int, 32>::Get' into 'intersect' (intersect.cc:62).
INFO: [XFORM 203-603] Inlining function 'hlslib::DataPack<int, 32>::Get' into 'intersect' (intersect.cc:60).
INFO: [XFORM 203-603] Inlining function 'hlslib::DataPack<int, 32>::Get' into 'writeResult' (intersect.cc:40).
INFO: [XFORM 203-603] Inlining function 'hlslib::DataPack<int, 32>::Get' into 'readCompare' (intersect.cc:25).
INFO: [XFORM 203-603] Inlining function 'hlslib::DataPack<int, 32>::Get' into 'readItem' (intersect.cc:14).
INFO: [XFORM 203-603] Inlining function 'hlslib::Stream<int, 1u>::WriteBlocking.1' into 'hlslib::Stream<int, 1u>::WriteBlocking' (../hlslib/include/hlslib/Stream.h:359).
INFO: [XFORM 203-603] Inlining function 'hlslib::Stream<int, 1u>::WriteBlocking' into 'hlslib::Stream<int, 1u>::Push' (../hlslib/include/hlslib/Stream.h:371).
INFO: [XFORM 203-603] Inlining function 'hlslib::Stream<int, 1u>::Push' into 'readCompare' (intersect.cc:29).
INFO: [XFORM 203-603] Inlining function 'hlslib::Stream<int, 1u>::Push' into 'readCompare' (intersect.cc:27).
INFO: [XFORM 203-603] Inlining function 'hlslib::Stream<int, 1u>::Push' into 'readItem' (intersect.cc:15).
INFO: [XFORM 203-603] Inlining function 'hlslib::Stream<int, 1u>::ReadBlocking' into 'hlslib::Stream<int, 1u>::Pop' (../hlslib/include/hlslib/Stream.h:263).
INFO: [XFORM 203-603] Inlining function 'hlslib::Stream<int, 1u>::Pop' into 'writeResult' (intersect.cc:37).
INFO: [XFORM 203-603] Inlining function 'hlslib::Stream<int, 1u>::Pop' into 'readCompare' (intersect.cc:22).
INFO: [HLS 200-111] Finished Standard Transforms Time (s): cpu = 00:00:31 ; elapsed = 00:00:32 . Memory (MB): peak = 365.953 ; gain = 0.266 ; free physical = 402 ; free virtual = 6634
INFO: [HLS 200-10] Checking synthesizability ...
INFO: [XFORM 203-602] Inlining function 'std::numeric_limits<int>::max' into 'readItem' (../hlslib/include/hlslib/Stream.h:359->../hlslib/include/hlslib/Stream.h:371->intersect.cc:15) automatically.
INFO: [XFORM 203-602] Inlining function 'std::numeric_limits<int>::max' into 'readCompare' (../hlslib/include/hlslib/Stream.h:359->../hlslib/include/hlslib/Stream.h:371->intersect.cc:27) automatically.
INFO: [XFORM 203-602] Inlining function 'readItem' into 'intersect' (intersect.cc:55) automatically.
WARNING: [SYNCHK 200-23] ../hlslib/include/hlslib/DataPack.h:81: variable-indexed range selection may cause suboptimal QoR.
WARNING: [SYNCHK 200-77] The top function 'intersect' (intersect.cc:46) has no outputs. Possible cause(s) are: (1) Output parameters are passed by value; (2) intended outputs (parameters or global variables) are never written; (3) there are infinite loops.
INFO: [SYNCHK 200-10] 0 error(s), 2 warning(s).
INFO: [HLS 200-111] Finished Checking Synthesizability Time (s): cpu = 00:00:31 ; elapsed = 00:00:32 . Memory (MB): peak = 365.953 ; gain = 0.266 ; free physical = 399 ; free virtual = 6631
INFO: [XFORM 203-502] Unrolling all sub-loops inside loop 'WriteResult' (intersect.cc:35) in function 'writeResult' for pipelining.
WARNING: [XFORM 203-505] Ignored pipeline directive for loop 'AdjShift' (intersect.cc:38) because its parent loop or function is pipelined.
INFO: [XFORM 203-502] Unrolling all sub-loops inside loop 'readAdj2' (intersect.cc:20) in function 'readCompare' for pipelining.
INFO: [XFORM 203-501] Unrolling loop 'AdjShift' (intersect.cc:38) in function 'writeResult' completely.
INFO: [XFORM 203-501] Unrolling loop 'Compare' (intersect.cc:24) in function 'readCompare' completely.
INFO: [XFORM 203-501] Unrolling loop 'DataPack_Fill' (../hlslib/include/hlslib/DataPack.h:101) in function 'intersect' completely.
INFO: [XFORM 203-602] Inlining function 'readItem' into 'intersect' (intersect.cc:55) automatically.
INFO: [XFORM 203-602] Inlining function 'writeResult' into 'intersect' (intersect.cc:57) automatically.
INFO: [HLS 200-111] Finished Pre-synthesis Time (s): cpu = 00:00:34 ; elapsed = 00:00:35 . Memory (MB): peak = 493.688 ; gain = 128.000 ; free physical = 371 ; free virtual = 6604
INFO: [HLS 200-111] Finished Architecture Synthesis Time (s): cpu = 00:00:35 ; elapsed = 00:00:36 . Memory (MB): peak = 493.688 ; gain = 128.000 ; free physical = 367 ; free virtual = 6600
INFO: [HLS 200-10] Starting hardware synthesis ...
INFO: [HLS 200-10] Synthesizing 'intersect' ...
INFO: [HLS 200-10] ----------------------------------------------------------------
INFO: [HLS 200-42] -- Implementing module 'readCompare' 
INFO: [HLS 200-10] ----------------------------------------------------------------
INFO: [SCHED 204-11] Starting scheduling ...
INFO: [SCHED 204-61] Pipelining loop 'readAdj2'.
WARNING: [SCHED 204-68] Unable to enforce a carried dependence constraint (II = 1, distance = 1, offset = 1)
   between fifo write on port 'i_out_stream_V' (../hlslib/include/hlslib/Stream.h:322->../hlslib/include/hlslib/Stream.h:359->../hlslib/include/hlslib/Stream.h:371->intersect.cc:29) and fifo write on port 'i_out_stream_V' (../hlslib/include/hlslib/Stream.h:322->../hlslib/include/hlslib/Stream.h:359->../hlslib/include/hlslib/Stream.h:371->intersect.cc:27).
WARNING: [SCHED 204-68] Unable to enforce a carried dependence constraint (II = 2, distance = 1, offset = 1)
   between fifo write on port 'i_out_stream_V' (../hlslib/include/hlslib/Stream.h:322->../hlslib/include/hlslib/Stream.h:359->../hlslib/include/hlslib/Stream.h:371->intersect.cc:27) and fifo write on port 'i_out_stream_V' (../hlslib/include/hlslib/Stream.h:322->../hlslib/include/hlslib/Stream.h:359->../hlslib/include/hlslib/Stream.h:371->intersect.cc:27).
WARNING: [SCHED 204-68] Unable to enforce a carried dependence constraint (II = 3, distance = 1, offset = 1)
   between fifo write on port 'i_out_stream_V' (../hlslib/include/hlslib/Stream.h:322->../hlslib/include/hlslib/Stream.h:359->../hlslib/include/hlslib/Stream.h:371->intersect.cc:29) and fifo write on port 'i_out_stream_V' (../hlslib/include/hlslib/Stream.h:322->../hlslib/include/hlslib/Stream.h:359->../hlslib/include/hlslib/Stream.h:371->intersect.cc:27).
WARNING: [SCHED 204-68] Unable to enforce a carried dependence constraint (II = 4, distance = 1, offset = 1)
   between fifo write on port 'i_out_stream_V' (../hlslib/include/hlslib/Stream.h:322->../hlslib/include/hlslib/Stream.h:359->../hlslib/include/hlslib/Stream.h:371->intersect.cc:27) and fifo write on port 'i_out_stream_V' (../hlslib/include/hlslib/Stream.h:322->../hlslib/include/hlslib/Stream.h:359->../hlslib/include/hlslib/Stream.h:371->intersect.cc:27).
==============================================================
File generated by Vivado(TM) HLS - High-Level Synthesis from C, C++ and SystemC
Version: 2018.2
Copyright (C) 1986-2018 Xilinx, Inc. All Rights Reserved.

==============================================================

INFO: [SYN 201-201] Setting up clock 'default' with a period of 3.33333ns.
INFO: [HLS 200-10] Setting target device to 'xcku5p-sfvb784-3-e'
INFO: [HLS 200-10] Adding design file 'intersect.cc' to the project
WARNING: [HLS 200-40] Cannot find source file invert.cc; skipping it.
INFO: [HLS 200-10] Analyzing design file 'intersect.cc' ... 
INFO: [HLS 200-111] Finished Linking Time (s): cpu = 00:00:30 ; elapsed = 00:00:31 . Memory (MB): peak = 365.770 ; gain = 0.086 ; free physical = 396 ; free virtual = 6636
INFO: [HLS 200-111] Finished Checking Pragmas Time (s): cpu = 00:00:30 ; elapsed = 00:00:31 . Memory (MB): peak = 365.770 ; gain = 0.086 ; free physical = 396 ; free virtual = 6636
INFO: [HLS 200-10] Starting code transformations ...
INFO: [XFORM 203-603] Inlining function 'hlslib::DataPack<int, 32>::Set' into 'hlslib::DataPack<int, 32>::Fill' (../hlslib/include/hlslib/DataPack.h:103).
INFO: [XFORM 203-603] Inlining function 'hlslib::DataPack<int, 32>::Set' into 'writeResult' (intersect.cc:42).
INFO: [XFORM 203-603] Inlining function 'hlslib::DataPack<int, 32>::Set' into 'writeResult' (intersect.cc:40).
INFO: [XFORM 203-603] Inlining function 'hlslib::DataPack<int, 32>::Fill' into 'intersect' (intersect.cc:52).
INFO: [XFORM 203-603] Inlining function 'hlslib::DataPack<int, 32>::Get' into 'intersect' (intersect.cc:75).
INFO: [XFORM 203-603] Inlining function 'hlslib::DataPack<int, 32>::Get' into 'intersect' (intersect.cc:74).
INFO: [XFORM 203-603] Inlining function 'hlslib::DataPack<int, 32>::Get' into 'intersect' (intersect.cc:72).
INFO: [XFORM 203-603] Inlining function 'hlslib::DataPack<int, 32>::Get' into 'intersect' (intersect.cc:69).
INFO: [XFORM 203-603] Inlining function 'hlslib::DataPack<int, 32>::Get' into 'intersect' (intersect.cc:68).
INFO: [XFORM 203-603] Inlining function 'hlslib::DataPack<int, 32>::Get' into 'intersect' (intersect.cc:66).
INFO: [XFORM 203-603] Inlining function 'hlslib::DataPack<int, 32>::Get' into 'intersect' (intersect.cc:63).
INFO: [XFORM 203-603] Inlining function 'hlslib::DataPack<int, 32>::Get' into 'intersect' (intersect.cc:62).
INFO: [XFORM 203-603] Inlining function 'hlslib::DataPack<int, 32>::Get' into 'intersect' (intersect.cc:60).
INFO: [XFORM 203-603] Inlining function 'hlslib::DataPack<int, 32>::Get' into 'writeResult' (intersect.cc:40).
INFO: [XFORM 203-603] Inlining function 'hlslib::DataPack<int, 32>::Get' into 'readCompare' (intersect.cc:25).
INFO: [XFORM 203-603] Inlining function 'hlslib::DataPack<int, 32>::Get' into 'readItem' (intersect.cc:14).
INFO: [XFORM 203-603] Inlining function 'hlslib::Stream<int, 1u>::WriteBlocking.1' into 'hlslib::Stream<int, 1u>::WriteBlocking' (../hlslib/include/hlslib/Stream.h:359).
INFO: [XFORM 203-603] Inlining function 'hlslib::Stream<int, 1u>::WriteBlocking' into 'hlslib::Stream<int, 1u>::Push' (../hlslib/include/hlslib/Stream.h:371).
INFO: [XFORM 203-603] Inlining function 'hlslib::Stream<int, 1u>::Push' into 'readCompare' (intersect.cc:29).
INFO: [XFORM 203-603] Inlining function 'hlslib::Stream<int, 1u>::Push' into 'readCompare' (intersect.cc:27).
INFO: [XFORM 203-603] Inlining function 'hlslib::Stream<int, 1u>::Push' into 'readItem' (intersect.cc:15).
INFO: [XFORM 203-603] Inlining function 'hlslib::Stream<int, 1u>::ReadBlocking' into 'hlslib::Stream<int, 1u>::Pop' (../hlslib/include/hlslib/Stream.h:263).
INFO: [XFORM 203-603] Inlining function 'hlslib::Stream<int, 1u>::Pop' into 'writeResult' (intersect.cc:37).
INFO: [XFORM 203-603] Inlining function 'hlslib::Stream<int, 1u>::Pop' into 'readCompare' (intersect.cc:22).
INFO: [HLS 200-111] Finished Standard Transforms Time (s): cpu = 00:00:31 ; elapsed = 00:00:32 . Memory (MB): peak = 365.949 ; gain = 0.266 ; free physical = 391 ; free virtual = 6631
INFO: [HLS 200-10] Checking synthesizability ...
INFO: [XFORM 203-602] Inlining function 'std::numeric_limits<int>::max' into 'readItem' (../hlslib/include/hlslib/Stream.h:359->../hlslib/include/hlslib/Stream.h:371->intersect.cc:15) automatically.
INFO: [XFORM 203-602] Inlining function 'std::numeric_limits<int>::max' into 'readCompare' (../hlslib/include/hlslib/Stream.h:359->../hlslib/include/hlslib/Stream.h:371->intersect.cc:27) automatically.
INFO: [XFORM 203-602] Inlining function 'readItem' into 'intersect' (intersect.cc:55) automatically.
WARNING: [SYNCHK 200-23] ../hlslib/include/hlslib/DataPack.h:81: variable-indexed range selection may cause suboptimal QoR.
WARNING: [SYNCHK 200-77] The top function 'intersect' (intersect.cc:46) has no outputs. Possible cause(s) are: (1) Output parameters are passed by value; (2) intended outputs (parameters or global variables) are never written; (3) there are infinite loops.
INFO: [SYNCHK 200-10] 0 error(s), 2 warning(s).
INFO: [HLS 200-111] Finished Checking Synthesizability Time (s): cpu = 00:00:31 ; elapsed = 00:00:32 . Memory (MB): peak = 365.949 ; gain = 0.266 ; free physical = 387 ; free virtual = 6627
INFO: [XFORM 203-502] Unrolling all sub-loops inside loop 'WriteResult' (intersect.cc:35) in function 'writeResult' for pipelining.
WARNING: [XFORM 203-505] Ignored pipeline directive for loop 'AdjShift' (intersect.cc:38) because its parent loop or function is pipelined.
INFO: [XFORM 203-502] Unrolling all sub-loops inside loop 'readAdj2' (intersect.cc:20) in function 'readCompare' for pipelining.
INFO: [XFORM 203-501] Unrolling loop 'AdjShift' (intersect.cc:38) in function 'writeResult' completely.
INFO: [XFORM 203-501] Unrolling loop 'Compare' (intersect.cc:24) in function 'readCompare' completely.
INFO: [XFORM 203-501] Unrolling loop 'DataPack_Fill' (../hlslib/include/hlslib/DataPack.h:101) in function 'intersect' completely.
INFO: [XFORM 203-602] Inlining function 'readItem' into 'intersect' (intersect.cc:55) automatically.
INFO: [XFORM 203-602] Inlining function 'writeResult' into 'intersect' (intersect.cc:57) automatically.
INFO: [HLS 200-111] Finished Pre-synthesis Time (s): cpu = 00:00:34 ; elapsed = 00:00:35 . Memory (MB): peak = 493.684 ; gain = 128.000 ; free physical = 360 ; free virtual = 6600
INFO: [HLS 200-111] Finished Architecture Synthesis Time (s): cpu = 00:00:35 ; elapsed = 00:00:36 . Memory (MB): peak = 493.684 ; gain = 128.000 ; free physical = 356 ; free virtual = 6596
INFO: [HLS 200-10] Starting hardware synthesis ...
INFO: [HLS 200-10] Synthesizing 'intersect' ...
INFO: [HLS 200-10] ----------------------------------------------------------------
INFO: [HLS 200-42] -- Implementing module 'readCompare' 
INFO: [HLS 200-10] ----------------------------------------------------------------
INFO: [SCHED 204-11] Starting scheduling ...
INFO: [SCHED 204-61] Pipelining loop 'readAdj2'.
WARNING: [SCHED 204-68] Unable to enforce a carried dependence constraint (II = 1, distance = 1, offset = 1)
   between fifo write on port 'i_out_stream_V' (../hlslib/include/hlslib/Stream.h:322->../hlslib/include/hlslib/Stream.h:359->../hlslib/include/hlslib/Stream.h:371->intersect.cc:29) and fifo write on port 'i_out_stream_V' (../hlslib/include/hlslib/Stream.h:322->../hlslib/include/hlslib/Stream.h:359->../hlslib/include/hlslib/Stream.h:371->intersect.cc:27).
WARNING: [SCHED 204-68] Unable to enforce a carried dependence constraint (II = 2, distance = 1, offset = 1)
   between fifo write on port 'i_out_stream_V' (../hlslib/include/hlslib/Stream.h:322->../hlslib/include/hlslib/Stream.h:359->../hlslib/include/hlslib/Stream.h:371->intersect.cc:27) and fifo write on port 'i_out_stream_V' (../hlslib/include/hlslib/Stream.h:322->../hlslib/include/hlslib/Stream.h:359->../hlslib/include/hlslib/Stream.h:371->intersect.cc:27).
WARNING: [SCHED 204-68] Unable to enforce a carried dependence constraint (II = 3, distance = 1, offset = 1)
   between fifo write on port 'i_out_stream_V' (../hlslib/include/hlslib/Stream.h:322->../hlslib/include/hlslib/Stream.h:359->../hlslib/include/hlslib/Stream.h:371->intersect.cc:29) and fifo write on port 'i_out_stream_V' (../hlslib/include/hlslib/Stream.h:322->../hlslib/include/hlslib/Stream.h:359->../hlslib/include/hlslib/Stream.h:371->intersect.cc:27).
WARNING: [SCHED 204-68] Unable to enforce a carried dependence constraint (II = 4, distance = 1, offset = 1)
   between fifo write on port 'i_out_stream_V' (../hlslib/include/hlslib/Stream.h:322->../hlslib/include/hlslib/Stream.h:359->../hlslib/include/hlslib/Stream.h:371->intersect.cc:27) and fifo write on port 'i_out_stream_V' (../hlslib/include/hlslib/Stream.h:322->../hlslib/include/hlslib/Stream.h:359->../hlslib/include/hlslib/Stream.h:371->intersect.cc:27).
