

================================================================
== Vivado HLS Report for 'readCompare'
================================================================
* Date:           Tue Apr 16 23:58:12 2019

* Version:        2018.2 (Build 2258646 on Thu Jun 14 20:25:20 MDT 2018)
* Project:        hls
* Solution:       solution
* Product family: kintexuplus
* Target device:  xcku5p-sfvb784-3-e


================================================================
== Performance Estimates
================================================================
+ Timing (ns): 
    * Summary: 
    +--------+-------+----------+------------+
    |  Clock | Target| Estimated| Uncertainty|
    +--------+-------+----------+------------+
    |ap_clk  |   3.33|     1.458|        0.42|
    +--------+-------+----------+------------+

+ Latency (clock cycles): 
    * Summary: 
    +-----+-----+-----+-----+---------+
    |  Latency  |  Interval | Pipeline|
    | min | max | min | max |   Type  |
    +-----+-----+-----+-----+---------+
    |   34|   34|   34|   34|   none  |
    +-----+-----+-----+-----+---------+

    + Detail: 
        * Instance: 
        N/A

        * Loop: 
        +------------+-----+-----+----------+-----------+-----------+------+----------+
        |            |  Latency  | Iteration|  Initiation Interval  | Trip |          |
        |  Loop Name | min | max |  Latency |  achieved |   target  | Count| Pipelined|
        +------------+-----+-----+----------+-----------+-----------+------+----------+
        |- readAdj2  |   32|   32|         2|          1|          1|    32|    yes   |
        +------------+-----+-----+----------+-----------+-----------+------+----------+

============================================================
+ Verbose Summary: Synthesis Manager
============================================================
InlineROM: 1
ExposeGlobal: 0
============================================================
+ Verbose Summary: CDFG Model
============================================================
IsTopModel: 0
ResetActiveHigh: 1
IsCombinational: 0
IsDatapathOnly: 0
HasWiredReturn: 1
HasMFsm: 0
HasVarLatency: 1
IsPipeline: 0
IsRtlPipelined: 0
IsInstanceOverlapped: 0
IsDontTouch: 0
HasImplIP: 0
IsGatedGlobalClock: 0

+ Individual pipeline summary: 
  * Pipeline-0: initiation interval (II) = 1, depth = 2


============================================================
+ Verbose Summary: Schedule
============================================================
* Number of FSM states : 4
* Pipeline : 1
  Pipeline-0 : II = 1, D = 2, States = { 2 3 }
* Dataflow Pipeline: 0

* FSM state transitions: 
1 --> 
	2  / true
2 --> 
	4  / (exitcond)
	3  / (!exitcond)
3 --> 
	2  / true
4 --> 

* FSM state operations: 

State 1 <SV = 0> <Delay = 0.60>
ST_1 : Operation 5 [1/1] (0.00ns)   --->   "call void (...)* @_ssdm_op_SpecInterface(i32* %i_in_stream_V, [8 x i8]* @ap_fifo_str, i32 0, i32 0, [1 x i8]* @p_str33, i32 0, i32 0, [1 x i8]* @p_str34, [1 x i8]* @p_str35, [1 x i8]* @p_str36, i32 2, i32 2, i32 16, i32 16, [1 x i8]* @p_str37, [1 x i8]* @p_str38)"   --->   Operation 5 'specinterface' <Predicate = true> <Delay = 0.00>
ST_1 : Operation 6 [1/1] (0.60ns)   --->   "br label %1" [unite.cc:23]   --->   Operation 6 'br' <Predicate = true> <Delay = 0.60>

State 2 <SV = 1> <Delay = 0.75>
ST_2 : Operation 7 [1/1] (0.00ns)   --->   "%i_assign = phi i6 [ 0, %0 ], [ %i, %_ifconv ]"   --->   Operation 7 'phi' 'i_assign' <Predicate = true> <Delay = 0.00>
ST_2 : Operation 8 [1/1] (0.75ns)   --->   "%exitcond = icmp eq i6 %i_assign, -32" [unite.cc:23]   --->   Operation 8 'icmp' 'exitcond' <Predicate = true> <Delay = 0.75> <Core = "Cmp">   --->   Core 25 'Cmp' <Latency = 0> <II = 1> <Delay = 0.75> <FuncUnit> <Opcode : 'icmp'> <InPorts = 2> <OutPorts = 1>
ST_2 : Operation 9 [1/1] (0.00ns)   --->   "%empty = call i32 (...)* @_ssdm_op_SpecLoopTripCount(i64 32, i64 32, i64 32)"   --->   Operation 9 'speclooptripcount' 'empty' <Predicate = true> <Delay = 0.00>
ST_2 : Operation 10 [1/1] (0.71ns)   --->   "%i = add i6 %i_assign, 1" [unite.cc:23]   --->   Operation 10 'add' 'i' <Predicate = true> <Delay = 0.71> <Core = "AddSub">   --->   Core 14 'AddSub' <Latency = 0> <II = 1> <Delay = 0.71> <FuncUnit> <Opcode : 'add' 'sub'> <InPorts = 2> <OutPorts = 1>
ST_2 : Operation 11 [1/1] (0.00ns)   --->   "br i1 %exitcond, label %2, label %_ifconv" [unite.cc:23]   --->   Operation 11 'br' <Predicate = true> <Delay = 0.00>

State 3 <SV = 2> <Delay = 1.45>
ST_3 : Operation 12 [1/1] (0.00ns)   --->   "call void (...)* @_ssdm_op_SpecLoopName([9 x i8]* @p_str2) nounwind" [unite.cc:23]   --->   Operation 12 'specloopname' <Predicate = (!exitcond)> <Delay = 0.00>
ST_3 : Operation 13 [1/1] (0.00ns)   --->   "%tmp_3 = call i32 (...)* @_ssdm_op_SpecRegionBegin([9 x i8]* @p_str2)" [unite.cc:23]   --->   Operation 13 'specregionbegin' 'tmp_3' <Predicate = (!exitcond)> <Delay = 0.00>
ST_3 : Operation 14 [1/1] (0.00ns)   --->   "call void (...)* @_ssdm_op_SpecPipeline(i32 -1, i32 1, i32 1, i32 0, [1 x i8]* @p_str1) nounwind" [unite.cc:24]   --->   Operation 14 'specpipeline' <Predicate = (!exitcond)> <Delay = 0.00>
ST_3 : Operation 15 [1/1] (1.45ns)   --->   "%tmp_0 = call i32 @_ssdm_op_Read.ap_fifo.volatile.i32P(i32* %i_in_stream_V)" [../hlslib/include/hlslib/Stream.h:223->../hlslib/include/hlslib/Stream.h:263->unite.cc:25]   --->   Operation 15 'read' 'tmp_0' <Predicate = (!exitcond)> <Delay = 1.45> <Core = "FIFO">   --->   Core 32 'FIFO' <Latency = 0> <II = 1> <Delay = 1.60> <Storage> <Opcode : 'read' 'write' 'nbread' 'nbwrite'> <Ports = 0> <Width = 32> <Depth = 1> <FIFO>
ST_3 : Operation 16 [1/1] (0.00ns)   --->   "%empty_7 = call i32 (...)* @_ssdm_op_SpecRegionEnd([9 x i8]* @p_str2, i32 %tmp_3)" [unite.cc:40]   --->   Operation 16 'specregionend' 'empty_7' <Predicate = (!exitcond)> <Delay = 0.00>
ST_3 : Operation 17 [1/1] (0.00ns)   --->   "br label %1" [unite.cc:23]   --->   Operation 17 'br' <Predicate = (!exitcond)> <Delay = 0.00>

State 4 <SV = 2> <Delay = 0.00>
ST_4 : Operation 18 [1/1] (0.00ns)   --->   "ret void"   --->   Operation 18 'ret' <Predicate = true> <Delay = 0.00>


============================================================
+ Verbose Summary: Timing violations
============================================================
Target clock period: 3.33ns, clock uncertainty: 0.417ns.

 <State 1>: 0.605ns
The critical path consists of the following:
	multiplexor before 'phi' operation ('i') with incoming values : ('i', unite.cc:23) [5]  (0.605 ns)

 <State 2>: 0.755ns
The critical path consists of the following:
	'phi' operation ('i') with incoming values : ('i', unite.cc:23) [5]  (0 ns)
	'icmp' operation ('exitcond', unite.cc:23) [6]  (0.755 ns)

 <State 3>: 1.46ns
The critical path consists of the following:
	fifo read on port 'i_in_stream_V' (../hlslib/include/hlslib/Stream.h:223->../hlslib/include/hlslib/Stream.h:263->unite.cc:25) [14]  (1.46 ns)

 <State 4>: 0ns
The critical path consists of the following:


============================================================
+ Verbose Summary: Binding
============================================================
N/A
* FSMD analyzer results:
  - Output states:
 - Input state : 
  - Chain level:
	State 1
	State 2
	State 3
	State 4


============================================================
+ Verbose Summary: Datapath Resource usage 
============================================================
N/A
