==============================================================
File generated by Vivado(TM) HLS - High-Level Synthesis from C, C++ and SystemC
Version: 2018.2
Copyright (C) 1986-2018 Xilinx, Inc. All Rights Reserved.

==============================================================

INFO: [HLS 200-10] Setting target device to 'xcku5p-sfvb784-3-e'
INFO: [HLS 200-10] Adding design file 'unite.cc' to the project
INFO: [SYN 201-201] Setting up clock 'default' with a period of 3.33333ns.
INFO: [HLS 200-10] Analyzing design file 'unite.cc' ... 
INFO: [HLS 200-111] Finished Linking Time (s): cpu = 00:00:29 ; elapsed = 00:00:30 . Memory (MB): peak = 365.766 ; gain = 0.086 ; free physical = 392 ; free virtual = 6641
INFO: [HLS 200-111] Finished Checking Pragmas Time (s): cpu = 00:00:29 ; elapsed = 00:00:30 . Memory (MB): peak = 365.766 ; gain = 0.086 ; free physical = 392 ; free virtual = 6641
INFO: [HLS 200-10] Starting code transformations ...
INFO: [XFORM 203-603] Inlining function 'hlslib::DataPack<int, 32>::Set' into 'hlslib::DataPack<int, 32>::Fill' (../hlslib/include/hlslib/DataPack.h:103).
INFO: [XFORM 203-603] Inlining function 'hlslib::DataPack<int, 32>::Set' into 'check_sol' (unite.cc:49).
INFO: [XFORM 203-603] Inlining function 'hlslib::DataPack<int, 32>::Set' into 'writeResult' (unite.cc:39).
INFO: [XFORM 203-603] Inlining function 'hlslib::DataPack<int, 32>::Fill' into 'unite' (unite.cc:65).
INFO: [XFORM 203-603] Inlining function 'hlslib::DataPack<int, 32>::Fill' into 'check_sol' (unite.cc:45).
INFO: [XFORM 203-603] Inlining function 'hlslib::DataPack<int, 32>::Get' into 'unite' (unite.cc:88).
INFO: [XFORM 203-603] Inlining function 'hlslib::DataPack<int, 32>::Get' into 'unite' (unite.cc:87).
INFO: [XFORM 203-603] Inlining function 'hlslib::DataPack<int, 32>::Get' into 'unite' (unite.cc:82).
INFO: [XFORM 203-603] Inlining function 'hlslib::DataPack<int, 32>::Get' into 'unite' (unite.cc:81).
INFO: [XFORM 203-603] Inlining function 'hlslib::DataPack<int, 32>::Get' into 'unite' (unite.cc:76).
INFO: [XFORM 203-603] Inlining function 'hlslib::DataPack<int, 32>::Get' into 'unite' (unite.cc:75).
INFO: [XFORM 203-603] Inlining function 'hlslib::DataPack<int, 32>::Get' into 'check_sol' (unite.cc:55).
INFO: [XFORM 203-603] Inlining function 'hlslib::DataPack<int, 32>::Get' into 'check_sol' (unite.cc:54).
INFO: [XFORM 203-603] Inlining function 'hlslib::DataPack<int, 32>::Get' into 'check_sol' (unite.cc:49).
INFO: [XFORM 203-603] Inlining function 'hlslib::DataPack<int, 32>::Get' into 'check_sol' (unite.cc:48).
INFO: [XFORM 203-603] Inlining function 'hlslib::DataPack<int, 32>::Get' into 'check_sol' (unite.cc:48).
INFO: [XFORM 203-603] Inlining function 'hlslib::DataPack<int, 32>::Get' into 'check_sol' (unite.cc:48).
INFO: [XFORM 203-603] Inlining function 'hlslib::DataPack<int, 32>::Get' into 'readCompare' (unite.cc:25).
INFO: [XFORM 203-603] Inlining function 'hlslib::DataPack<int, 32>::Get' into 'readItem' (unite.cc:14).
INFO: [XFORM 203-603] Inlining function 'hlslib::Stream<int, 1u>::WriteBlocking.1' into 'hlslib::Stream<int, 1u>::WriteBlocking' (../hlslib/include/hlslib/Stream.h:359).
INFO: [XFORM 203-603] Inlining function 'hlslib::Stream<int, 1u>::WriteBlocking' into 'hlslib::Stream<int, 1u>::Push' (../hlslib/include/hlslib/Stream.h:371).
INFO: [XFORM 203-603] Inlining function 'hlslib::Stream<int, 1u>::Push' into 'readCompare' (unite.cc:31).
INFO: [XFORM 203-603] Inlining function 'hlslib::Stream<int, 1u>::Push' into 'readCompare' (unite.cc:27).
INFO: [XFORM 203-603] Inlining function 'hlslib::Stream<int, 1u>::Push' into 'readItem' (unite.cc:15).
INFO: [XFORM 203-603] Inlining function 'hlslib::Stream<int, 1u>::ReadBlocking' into 'hlslib::Stream<int, 1u>::Pop' (../hlslib/include/hlslib/Stream.h:263).
INFO: [XFORM 203-603] Inlining function 'hlslib::Stream<int, 1u>::Pop' into 'writeResult' (unite.cc:38).
INFO: [XFORM 203-603] Inlining function 'hlslib::Stream<int, 1u>::Pop' into 'readCompare' (unite.cc:22).
INFO: [HLS 200-111] Finished Standard Transforms Time (s): cpu = 00:00:31 ; elapsed = 00:00:31 . Memory (MB): peak = 365.945 ; gain = 0.266 ; free physical = 384 ; free virtual = 6634
INFO: [HLS 200-10] Checking synthesizability ...
INFO: [XFORM 203-602] Inlining function 'std::numeric_limits<int>::max' into 'readItem' (../hlslib/include/hlslib/Stream.h:359->../hlslib/include/hlslib/Stream.h:371->unite.cc:15) automatically.
INFO: [XFORM 203-602] Inlining function 'std::numeric_limits<int>::max' into 'readCompare' (../hlslib/include/hlslib/Stream.h:359->../hlslib/include/hlslib/Stream.h:371->unite.cc:27) automatically.
INFO: [XFORM 203-602] Inlining function 'readItem' into 'unite' (unite.cc:68) automatically.
INFO: [XFORM 203-602] Inlining function 'writeResult' into 'unite' (unite.cc:70) automatically.
WARNING: [SYNCHK 200-23] ../hlslib/include/hlslib/DataPack.h:95: variable-indexed range selection may cause suboptimal QoR.
WARNING: [SYNCHK 200-77] The top function 'unite' (unite.cc:59) has no outputs. Possible cause(s) are: (1) Output parameters are passed by value; (2) intended outputs (parameters or global variables) are never written; (3) there are infinite loops.
INFO: [SYNCHK 200-10] 0 error(s), 2 warning(s).
INFO: [HLS 200-111] Finished Checking Synthesizability Time (s): cpu = 00:00:31 ; elapsed = 00:00:31 . Memory (MB): peak = 365.945 ; gain = 0.266 ; free physical = 379 ; free virtual = 6629
INFO: [XFORM 203-502] Unrolling all sub-loops inside loop 'readAdj2' (unite.cc:20) in function 'readCompare' for pipelining.
INFO: [XFORM 203-501] Unrolling loop 'DataPack_Fill' (../hlslib/include/hlslib/DataPack.h:101) in function 'unite' completely.
INFO: [XFORM 203-501] Unrolling loop 'Compare' (unite.cc:24) in function 'readCompare' completely.
INFO: [XFORM 203-501] Unrolling loop 'DataPack_Fill' (../hlslib/include/hlslib/DataPack.h:101) in function 'check_sol' completely.
INFO: [XFORM 203-602] Inlining function 'readItem' into 'unite' (unite.cc:68) automatically.
INFO: [XFORM 203-602] Inlining function 'writeResult' into 'unite' (unite.cc:70) automatically.
INFO: [HLS 200-111] Finished Pre-synthesis Time (s): cpu = 00:00:32 ; elapsed = 00:00:33 . Memory (MB): peak = 493.918 ; gain = 128.238 ; free physical = 356 ; free virtual = 6607
INFO: [HLS 200-111] Finished Architecture Synthesis Time (s): cpu = 00:00:33 ; elapsed = 00:00:33 . Memory (MB): peak = 493.918 ; gain = 128.238 ; free physical = 352 ; free virtual = 6603
INFO: [HLS 200-10] Starting hardware synthesis ...
INFO: [HLS 200-10] Synthesizing 'unite' ...
INFO: [HLS 200-10] ----------------------------------------------------------------
INFO: [HLS 200-42] -- Implementing module 'readCompare' 
INFO: [HLS 200-10] ----------------------------------------------------------------
INFO: [SCHED 204-11] Starting scheduling ...
INFO: [SCHED 204-61] Pipelining loop 'readAdj2'.
INFO: [SCHED 204-61] Pipelining result : Target II = 1, Final II = 1, Depth = 3.
INFO: [SCHED 204-11] Finished scheduling.
INFO: [HLS 200-111]  Elapsed time: 33.66 seconds; current allocated memory: 88.168 MB.
INFO: [BIND 205-100] Starting micro-architecture generation ...
INFO: [BIND 205-101] Performing variable lifetime analysis.
INFO: [BIND 205-101] Exploring resource sharing.
INFO: [BIND 205-101] Binding ...
INFO: [BIND 205-100] Finished micro-architecture generation.
INFO: [HLS 200-111]  Elapsed time: 0.13 seconds; current allocated memory: 88.680 MB.
INFO: [HLS 200-10] ----------------------------------------------------------------
INFO: [HLS 200-42] -- Implementing module 'unite' 
INFO: [HLS 200-10] ----------------------------------------------------------------
INFO: [SCHED 204-11] Starting scheduling ...
INFO: [SCHED 204-61] Pipelining loop 'readAdj1'.
INFO: [SCHED 204-61] Pipelining result : Target II = 1, Final II = 1, Depth = 2.
INFO: [SCHED 204-61] Pipelining loop 'WriteResult'.
INFO: [SCHED 204-61] Pipelining result : Target II = 1, Final II = 1, Depth = 2.
INFO: [SCHED 204-11] Finished scheduling.
INFO: [HLS 200-111]  Elapsed time: 0.23 seconds; current allocated memory: 88.946 MB.
INFO: [BIND 205-100] Starting micro-architecture generation ...
INFO: [BIND 205-101] Performing variable lifetime analysis.
INFO: [BIND 205-101] Exploring resource sharing.
INFO: [BIND 205-101] Binding ...
INFO: [BIND 205-100] Finished micro-architecture generation.
INFO: [HLS 200-111]  Elapsed time: 0.1 seconds; current allocated memory: 89.239 MB.
INFO: [HLS 200-10] ----------------------------------------------------------------
==============================================================
File generated by Vivado(TM) HLS - High-Level Synthesis from C, C++ and SystemC
Version: 2018.2
Copyright (C) 1986-2018 Xilinx, Inc. All Rights Reserved.

==============================================================

==============================================================
File generated by Vivado(TM) HLS - High-Level Synthesis from C, C++ and SystemC
Version: 2018.2
Copyright (C) 1986-2018 Xilinx, Inc. All Rights Reserved.

==============================================================

==============================================================
File generated by Vivado(TM) HLS - High-Level Synthesis from C, C++ and SystemC
Version: 2018.2
Copyright (C) 1986-2018 Xilinx, Inc. All Rights Reserved.

==============================================================

==============================================================
File generated by Vivado(TM) HLS - High-Level Synthesis from C, C++ and SystemC
Version: 2018.2
Copyright (C) 1986-2018 Xilinx, Inc. All Rights Reserved.

==============================================================

INFO: [SYN 201-201] Setting up clock 'default' with a period of 3.33333ns.
INFO: [HLS 200-10] Setting target device to 'xcku5p-sfvb784-3-e'
INFO: [HLS 200-10] Adding design file 'unite.cc' to the project
INFO: [HLS 200-10] Analyzing design file 'unite.cc' ... 
INFO: [HLS 200-111] Finished Linking Time (s): cpu = 00:00:30 ; elapsed = 00:00:31 . Memory (MB): peak = 365.773 ; gain = 0.086 ; free physical = 377 ; free virtual = 6632
INFO: [HLS 200-111] Finished Checking Pragmas Time (s): cpu = 00:00:30 ; elapsed = 00:00:31 . Memory (MB): peak = 365.773 ; gain = 0.086 ; free physical = 377 ; free virtual = 6632
INFO: [HLS 200-10] Starting code transformations ...
INFO: [XFORM 203-603] Inlining function 'hlslib::DataPack<int, 32>::Set' into 'hlslib::DataPack<int, 32>::Fill' (../hlslib/include/hlslib/DataPack.h:103).
INFO: [XFORM 203-603] Inlining function 'hlslib::DataPack<int, 32>::Set' into 'check_sol' (unite.cc:49).
INFO: [XFORM 203-603] Inlining function 'hlslib::DataPack<int, 32>::Set' into 'check_sol' (unite.cc:44).
INFO: [XFORM 203-603] Inlining function 'hlslib::DataPack<int, 32>::Set' into 'readCompare' (unite.cc:35).
INFO: [XFORM 203-603] Inlining function 'hlslib::DataPack<int, 32>::Set' into 'readCompare' (unite.cc:33).
INFO: [XFORM 203-603] Inlining function 'hlslib::DataPack<int, 32>::Set' into 'readItem' (unite.cc:17).
INFO: [XFORM 203-603] Inlining function 'hlslib::DataPack<int, 32>::Set' into 'readItem' (unite.cc:15).
INFO: [XFORM 203-603] Inlining function 'hlslib::DataPack<int, 32>::Fill' into 'unite' (unite.cc:65).
INFO: [XFORM 203-603] Inlining function 'hlslib::DataPack<int, 32>::Fill' into 'check_sol' (unite.cc:42).
INFO: [XFORM 203-603] Inlining function 'hlslib::DataPack<int, 32>::Get' into 'unite' (unite.cc:87).
INFO: [XFORM 203-603] Inlining function 'hlslib::DataPack<int, 32>::Get' into 'unite' (unite.cc:86).
INFO: [XFORM 203-603] Inlining function 'hlslib::DataPack<int, 32>::Get' into 'unite' (unite.cc:81).
INFO: [XFORM 203-603] Inlining function 'hlslib::DataPack<int, 32>::Get' into 'unite' (unite.cc:80).
INFO: [XFORM 203-603] Inlining function 'hlslib::DataPack<int, 32>::Get' into 'unite' (unite.cc:75).
INFO: [XFORM 203-603] Inlining function 'hlslib::DataPack<int, 32>::Get' into 'unite' (unite.cc:74).
INFO: [XFORM 203-603] Inlining function 'hlslib::DataPack<int, 32>::Get' into 'check_sol' (unite.cc:55).
INFO: [XFORM 203-603] Inlining function 'hlslib::DataPack<int, 32>::Get' into 'check_sol' (unite.cc:54).
INFO: [XFORM 203-603] Inlining function 'hlslib::DataPack<int, 32>::Get' into 'check_sol' (unite.cc:49).
INFO: [XFORM 203-603] Inlining function 'hlslib::DataPack<int, 32>::Get' into 'check_sol' (unite.cc:48).
INFO: [XFORM 203-603] Inlining function 'hlslib::DataPack<int, 32>::Get' into 'check_sol' (unite.cc:48).
INFO: [XFORM 203-603] Inlining function 'hlslib::DataPack<int, 32>::Get' into 'check_sol' (unite.cc:48).
INFO: [XFORM 203-603] Inlining function 'hlslib::DataPack<int, 32>::Get' into 'check_sol' (unite.cc:44).
INFO: [XFORM 203-603] Inlining function 'hlslib::DataPack<int, 32>::Get' into 'readCompare' (unite.cc:33).
INFO: [XFORM 203-603] Inlining function 'hlslib::DataPack<int, 32>::Get' into 'readCompare' (unite.cc:29).
INFO: [XFORM 203-603] Inlining function 'hlslib::DataPack<int, 32>::Get' into 'readCompare' (unite.cc:26).
INFO: [XFORM 203-603] Inlining function 'hlslib::DataPack<int, 32>::Get' into 'readItem' (unite.cc:15).
INFO: [XFORM 203-603] Inlining function 'hlslib::DataPack<int, 32>::Get' into 'readItem' (unite.cc:13).
INFO: [XFORM 203-603] Inlining function 'hlslib::Stream<int, 1u>::WriteBlocking.1' into 'hlslib::Stream<int, 1u>::WriteBlocking' (../hlslib/include/hlslib/Stream.h:359).
INFO: [XFORM 203-603] Inlining function 'hlslib::Stream<int, 1u>::WriteBlocking' into 'hlslib::Stream<int, 1u>::Push' (../hlslib/include/hlslib/Stream.h:371).
INFO: [XFORM 203-603] Inlining function 'hlslib::Stream<int, 1u>::Push' into 'readItem' (unite.cc:18).
INFO: [XFORM 203-603] Inlining function 'hlslib::Stream<int, 1u>::ReadBlocking' into 'hlslib::Stream<int, 1u>::Pop' (../hlslib/include/hlslib/Stream.h:263).
INFO: [XFORM 203-603] Inlining function 'hlslib::Stream<int, 1u>::Pop' into 'readCompare' (unite.cc:25).
INFO: [HLS 200-111] Finished Standard Transforms Time (s): cpu = 00:00:31 ; elapsed = 00:00:32 . Memory (MB): peak = 365.953 ; gain = 0.266 ; free physical = 372 ; free virtual = 6627
INFO: [HLS 200-10] Checking synthesizability ...
INFO: [XFORM 203-602] Inlining function 'std::numeric_limits<int>::max' into 'readItem' (../hlslib/include/hlslib/Stream.h:359->../hlslib/include/hlslib/Stream.h:371->unite.cc:18) automatically.
INFO: [XFORM 203-602] Inlining function 'readItem' into 'unite' (unite.cc:68) automatically.
WARNING: [SYNCHK 200-23] ../hlslib/include/hlslib/DataPack.h:95: variable-indexed range selection may cause suboptimal QoR.
WARNING: [SYNCHK 200-77] The top function 'unite' (unite.cc:59) has no outputs. Possible cause(s) are: (1) Output parameters are passed by value; (2) intended outputs (parameters or global variables) are never written; (3) there are infinite loops.
INFO: [SYNCHK 200-10] 0 error(s), 2 warning(s).
INFO: [HLS 200-111] Finished Checking Synthesizability Time (s): cpu = 00:00:32 ; elapsed = 00:00:32 . Memory (MB): peak = 365.953 ; gain = 0.266 ; free physical = 368 ; free virtual = 6624
INFO: [XFORM 203-502] Unrolling all sub-loops inside loop 'readAdj1' (unite.cc:11) in function 'readItem' for pipelining.
INFO: [XFORM 203-502] Unrolling all sub-loops inside loop 'readAdj2' (unite.cc:23) in function 'readCompare' for pipelining.
INFO: [XFORM 203-501] Unrolling loop 'DataPack_Fill' (../hlslib/include/hlslib/DataPack.h:101) in function 'unite' completely.
INFO: [XFORM 203-501] Unrolling loop 'ShiftOut' (unite.cc:14) in function 'readItem' completely.
INFO: [XFORM 203-501] Unrolling loop 'Compare' (unite.cc:28) in function 'readCompare' completely.
INFO: [XFORM 203-501] Unrolling loop 'ShiftOut' (unite.cc:32) in function 'readCompare' completely.
INFO: [XFORM 203-501] Unrolling loop 'DataPack_Fill' (../hlslib/include/hlslib/DataPack.h:101) in function 'check_sol' completely.
INFO: [XFORM 203-602] Inlining function 'readItem' into 'unite' (unite.cc:68) automatically.
INFO: [XFORM 203-401] Performing if-conversion on hyperblock from (unite.cc:23:36) to (unite.cc:23:31) in function 'readCompare'... converting 3 basic blocks.
INFO: [HLS 200-111] Finished Pre-synthesis Time (s): cpu = 00:00:32 ; elapsed = 00:00:33 . Memory (MB): peak = 493.926 ; gain = 128.238 ; free physical = 345 ; free virtual = 6600
INFO: [HLS 200-111] Finished Architecture Synthesis Time (s): cpu = 00:00:33 ; elapsed = 00:00:33 . Memory (MB): peak = 493.926 ; gain = 128.238 ; free physical = 343 ; free virtual = 6598
INFO: [HLS 200-10] Starting hardware synthesis ...
INFO: [HLS 200-10] Synthesizing 'unite' ...
INFO: [HLS 200-10] ----------------------------------------------------------------
INFO: [HLS 200-42] -- Implementing module 'readCompare' 
INFO: [HLS 200-10] ----------------------------------------------------------------
INFO: [SCHED 204-11] Starting scheduling ...
INFO: [SCHED 204-61] Pipelining loop 'readAdj2'.
INFO: [SCHED 204-61] Pipelining result : Target II = 1, Final II = 1, Depth = 2.
INFO: [SCHED 204-11] Finished scheduling.
INFO: [HLS 200-111]  Elapsed time: 33.6 seconds; current allocated memory: 86.492 MB.
INFO: [BIND 205-100] Starting micro-architecture generation ...
INFO: [BIND 205-101] Performing variable lifetime analysis.
INFO: [BIND 205-101] Exploring resource sharing.
INFO: [BIND 205-101] Binding ...
INFO: [BIND 205-100] Finished micro-architecture generation.
INFO: [HLS 200-111]  Elapsed time: 0.03 seconds; current allocated memory: 86.575 MB.
INFO: [HLS 200-10] ----------------------------------------------------------------
INFO: [HLS 200-42] -- Implementing module 'unite' 
INFO: [HLS 200-10] ----------------------------------------------------------------
INFO: [SCHED 204-11] Starting scheduling ...
INFO: [SCHED 204-61] Pipelining loop 'readAdj1'.
INFO: [SCHED 204-61] Pipelining result : Target II = 1, Final II = 1, Depth = 2.
INFO: [SCHED 204-11] Finished scheduling.
==============================================================
File generated by Vivado(TM) HLS - High-Level Synthesis from C, C++ and SystemC
Version: 2018.2
Copyright (C) 1986-2018 Xilinx, Inc. All Rights Reserved.

==============================================================

INFO: [SYN 201-201] Setting up clock 'default' with a period of 3.33333ns.
INFO: [HLS 200-10] Setting target device to 'xcku5p-sfvb784-3-e'
INFO: [HLS 200-10] Adding design file 'unite.cc' to the project
INFO: [HLS 200-10] Analyzing design file 'unite.cc' ... 
INFO: [HLS 200-111] Finished Linking Time (s): cpu = 00:00:30 ; elapsed = 00:00:31 . Memory (MB): peak = 365.770 ; gain = 0.086 ; free physical = 384 ; free virtual = 6637
INFO: [HLS 200-111] Finished Checking Pragmas Time (s): cpu = 00:00:30 ; elapsed = 00:00:31 . Memory (MB): peak = 365.770 ; gain = 0.086 ; free physical = 384 ; free virtual = 6637
INFO: [HLS 200-10] Starting code transformations ...
INFO: [XFORM 203-603] Inlining function 'hlslib::DataPack<int, 32>::Set' into 'hlslib::DataPack<int, 32>::Fill' (../hlslib/include/hlslib/DataPack.h:103).
INFO: [XFORM 203-603] Inlining function 'hlslib::DataPack<int, 32>::Set' into 'check_sol' (unite.cc:49).
INFO: [XFORM 203-603] Inlining function 'hlslib::DataPack<int, 32>::Set' into 'check_sol' (unite.cc:44).
INFO: [XFORM 203-603] Inlining function 'hlslib::DataPack<int, 32>::Set' into 'readCompare' (unite.cc:35).
INFO: [XFORM 203-603] Inlining function 'hlslib::DataPack<int, 32>::Set' into 'readCompare' (unite.cc:33).
INFO: [XFORM 203-603] Inlining function 'hlslib::DataPack<int, 32>::Set' into 'readItem' (unite.cc:17).
INFO: [XFORM 203-603] Inlining function 'hlslib::DataPack<int, 32>::Set' into 'readItem' (unite.cc:15).
INFO: [XFORM 203-603] Inlining function 'hlslib::DataPack<int, 32>::Fill' into 'unite' (unite.cc:65).
INFO: [XFORM 203-603] Inlining function 'hlslib::DataPack<int, 32>::Fill' into 'check_sol' (unite.cc:42).
INFO: [XFORM 203-603] Inlining function 'hlslib::DataPack<int, 32>::Get' into 'unite' (unite.cc:87).
INFO: [XFORM 203-603] Inlining function 'hlslib::DataPack<int, 32>::Get' into 'unite' (unite.cc:86).
INFO: [XFORM 203-603] Inlining function 'hlslib::DataPack<int, 32>::Get' into 'unite' (unite.cc:81).
INFO: [XFORM 203-603] Inlining function 'hlslib::DataPack<int, 32>::Get' into 'unite' (unite.cc:80).
INFO: [XFORM 203-603] Inlining function 'hlslib::DataPack<int, 32>::Get' into 'unite' (unite.cc:75).
INFO: [XFORM 203-603] Inlining function 'hlslib::DataPack<int, 32>::Get' into 'unite' (unite.cc:74).
INFO: [XFORM 203-603] Inlining function 'hlslib::DataPack<int, 32>::Get' into 'check_sol' (unite.cc:55).
INFO: [XFORM 203-603] Inlining function 'hlslib::DataPack<int, 32>::Get' into 'check_sol' (unite.cc:54).
INFO: [XFORM 203-603] Inlining function 'hlslib::DataPack<int, 32>::Get' into 'check_sol' (unite.cc:49).
INFO: [XFORM 203-603] Inlining function 'hlslib::DataPack<int, 32>::Get' into 'check_sol' (unite.cc:48).
INFO: [XFORM 203-603] Inlining function 'hlslib::DataPack<int, 32>::Get' into 'check_sol' (unite.cc:48).
INFO: [XFORM 203-603] Inlining function 'hlslib::DataPack<int, 32>::Get' into 'check_sol' (unite.cc:48).
INFO: [XFORM 203-603] Inlining function 'hlslib::DataPack<int, 32>::Get' into 'check_sol' (unite.cc:44).
INFO: [XFORM 203-603] Inlining function 'hlslib::DataPack<int, 32>::Get' into 'readCompare' (unite.cc:33).
INFO: [XFORM 203-603] Inlining function 'hlslib::DataPack<int, 32>::Get' into 'readCompare' (unite.cc:29).
INFO: [XFORM 203-603] Inlining function 'hlslib::DataPack<int, 32>::Get' into 'readCompare' (unite.cc:26).
INFO: [XFORM 203-603] Inlining function 'hlslib::DataPack<int, 32>::Get' into 'readItem' (unite.cc:15).
INFO: [XFORM 203-603] Inlining function 'hlslib::DataPack<int, 32>::Get' into 'readItem' (unite.cc:13).
INFO: [XFORM 203-603] Inlining function 'hlslib::Stream<int, 1u>::WriteBlocking.1' into 'hlslib::Stream<int, 1u>::WriteBlocking' (../hlslib/include/hlslib/Stream.h:359).
INFO: [XFORM 203-603] Inlining function 'hlslib::Stream<int, 1u>::WriteBlocking' into 'hlslib::Stream<int, 1u>::Push' (../hlslib/include/hlslib/Stream.h:371).
INFO: [XFORM 203-603] Inlining function 'hlslib::Stream<int, 1u>::Push' into 'readItem' (unite.cc:18).
INFO: [XFORM 203-603] Inlining function 'hlslib::Stream<int, 1u>::ReadBlocking' into 'hlslib::Stream<int, 1u>::Pop' (../hlslib/include/hlslib/Stream.h:263).
INFO: [XFORM 203-603] Inlining function 'hlslib::Stream<int, 1u>::Pop' into 'readCompare' (unite.cc:25).
INFO: [HLS 200-111] Finished Standard Transforms Time (s): cpu = 00:00:31 ; elapsed = 00:00:32 . Memory (MB): peak = 365.949 ; gain = 0.266 ; free physical = 379 ; free virtual = 6632
INFO: [HLS 200-10] Checking synthesizability ...
INFO: [XFORM 203-602] Inlining function 'std::numeric_limits<int>::max' into 'readItem' (../hlslib/include/hlslib/Stream.h:359->../hlslib/include/hlslib/Stream.h:371->unite.cc:18) automatically.
INFO: [XFORM 203-602] Inlining function 'readItem' into 'unite' (unite.cc:68) automatically.
WARNING: [SYNCHK 200-23] ../hlslib/include/hlslib/DataPack.h:95: variable-indexed range selection may cause suboptimal QoR.
WARNING: [SYNCHK 200-77] The top function 'unite' (unite.cc:59) has no outputs. Possible cause(s) are: (1) Output parameters are passed by value; (2) intended outputs (parameters or global variables) are never written; (3) there are infinite loops.
INFO: [SYNCHK 200-10] 0 error(s), 2 warning(s).
INFO: [HLS 200-111] Finished Checking Synthesizability Time (s): cpu = 00:00:31 ; elapsed = 00:00:32 . Memory (MB): peak = 365.949 ; gain = 0.266 ; free physical = 375 ; free virtual = 6628
INFO: [XFORM 203-502] Unrolling all sub-loops inside loop 'readAdj1' (unite.cc:11) in function 'readItem' for pipelining.
INFO: [XFORM 203-502] Unrolling all sub-loops inside loop 'readAdj2' (unite.cc:23) in function 'readCompare' for pipelining.
INFO: [XFORM 203-501] Unrolling loop 'DataPack_Fill' (../hlslib/include/hlslib/DataPack.h:101) in function 'unite' completely.
INFO: [XFORM 203-501] Unrolling loop 'ShiftOut' (unite.cc:14) in function 'readItem' completely.
INFO: [XFORM 203-501] Unrolling loop 'Compare' (unite.cc:28) in function 'readCompare' completely.
INFO: [XFORM 203-501] Unrolling loop 'ShiftOut' (unite.cc:32) in function 'readCompare' completely.
INFO: [XFORM 203-501] Unrolling loop 'DataPack_Fill' (../hlslib/include/hlslib/DataPack.h:101) in function 'check_sol' completely.
INFO: [XFORM 203-602] Inlining function 'readItem' into 'unite' (unite.cc:68) automatically.
INFO: [XFORM 203-401] Performing if-conversion on hyperblock from (unite.cc:23:36) to (unite.cc:23:31) in function 'readCompare'... converting 3 basic blocks.
INFO: [HLS 200-111] Finished Pre-synthesis Time (s): cpu = 00:00:32 ; elapsed = 00:00:33 . Memory (MB): peak = 493.922 ; gain = 128.238 ; free physical = 351 ; free virtual = 6604
INFO: [HLS 200-111] Finished Architecture Synthesis Time (s): cpu = 00:00:33 ; elapsed = 00:00:34 . Memory (MB): peak = 493.922 ; gain = 128.238 ; free physical = 349 ; free virtual = 6602
INFO: [HLS 200-10] Starting hardware synthesis ...
INFO: [HLS 200-10] Synthesizing 'unite' ...
INFO: [HLS 200-10] ----------------------------------------------------------------
INFO: [HLS 200-42] -- Implementing module 'readCompare' 
INFO: [HLS 200-10] ----------------------------------------------------------------
INFO: [SCHED 204-11] Starting scheduling ...
INFO: [SCHED 204-61] Pipelining loop 'readAdj2'.
INFO: [SCHED 204-61] Pipelining result : Target II = 1, Final II = 1, Depth = 2.
INFO: [SCHED 204-11] Finished scheduling.
INFO: [HLS 200-111]  Elapsed time: 33.63 seconds; current allocated memory: 86.483 MB.
INFO: [BIND 205-100] Starting micro-architecture generation ...
INFO: [BIND 205-101] Performing variable lifetime analysis.
INFO: [BIND 205-101] Exploring resource sharing.
INFO: [BIND 205-101] Binding ...
INFO: [BIND 205-100] Finished micro-architecture generation.
INFO: [HLS 200-111]  Elapsed time: 0.03 seconds; current allocated memory: 86.566 MB.
INFO: [HLS 200-10] ----------------------------------------------------------------
INFO: [HLS 200-42] -- Implementing module 'unite' 
INFO: [HLS 200-10] ----------------------------------------------------------------
INFO: [SCHED 204-11] Starting scheduling ...
INFO: [SCHED 204-61] Pipelining loop 'readAdj1'.
INFO: [SCHED 204-61] Pipelining result : Target II = 1, Final II = 1, Depth = 2.
INFO: [SCHED 204-11] Finished scheduling.
==============================================================
File generated by Vivado(TM) HLS - High-Level Synthesis from C, C++ and SystemC
Version: 2018.2
Copyright (C) 1986-2018 Xilinx, Inc. All Rights Reserved.

==============================================================

INFO: [SYN 201-201] Setting up clock 'default' with a period of 3.33333ns.
INFO: [HLS 200-10] Setting target device to 'xcku5p-sfvb784-3-e'
INFO: [HLS 200-10] Adding design file 'unite.cc' to the project
INFO: [HLS 200-10] Analyzing design file 'unite.cc' ... 
INFO: [HLS 200-111] Finished Linking Time (s): cpu = 00:00:30 ; elapsed = 00:00:30 . Memory (MB): peak = 365.766 ; gain = 0.086 ; free physical = 384 ; free virtual = 6637
INFO: [HLS 200-111] Finished Checking Pragmas Time (s): cpu = 00:00:30 ; elapsed = 00:00:30 . Memory (MB): peak = 365.766 ; gain = 0.086 ; free physical = 383 ; free virtual = 6636
INFO: [HLS 200-10] Starting code transformations ...
INFO: [XFORM 203-603] Inlining function 'hlslib::DataPack<int, 32>::Set' into 'hlslib::DataPack<int, 32>::Fill' (../hlslib/include/hlslib/DataPack.h:103).
INFO: [XFORM 203-603] Inlining function 'hlslib::DataPack<int, 32>::Set' into 'check_sol' (unite.cc:49).
INFO: [XFORM 203-603] Inlining function 'hlslib::DataPack<int, 32>::Set' into 'check_sol' (unite.cc:44).
INFO: [XFORM 203-603] Inlining function 'hlslib::DataPack<int, 32>::Set' into 'readCompare' (unite.cc:35).
INFO: [XFORM 203-603] Inlining function 'hlslib::DataPack<int, 32>::Set' into 'readCompare' (unite.cc:33).
INFO: [XFORM 203-603] Inlining function 'hlslib::DataPack<int, 32>::Set' into 'readItem' (unite.cc:17).
INFO: [XFORM 203-603] Inlining function 'hlslib::DataPack<int, 32>::Set' into 'readItem' (unite.cc:15).
INFO: [XFORM 203-603] Inlining function 'hlslib::DataPack<int, 32>::Fill' into 'unite' (unite.cc:65).
INFO: [XFORM 203-603] Inlining function 'hlslib::DataPack<int, 32>::Fill' into 'check_sol' (unite.cc:42).
INFO: [XFORM 203-603] Inlining function 'hlslib::DataPack<int, 32>::Get' into 'unite' (unite.cc:87).
INFO: [XFORM 203-603] Inlining function 'hlslib::DataPack<int, 32>::Get' into 'unite' (unite.cc:86).
INFO: [XFORM 203-603] Inlining function 'hlslib::DataPack<int, 32>::Get' into 'unite' (unite.cc:81).
INFO: [XFORM 203-603] Inlining function 'hlslib::DataPack<int, 32>::Get' into 'unite' (unite.cc:80).
INFO: [XFORM 203-603] Inlining function 'hlslib::DataPack<int, 32>::Get' into 'unite' (unite.cc:75).
INFO: [XFORM 203-603] Inlining function 'hlslib::DataPack<int, 32>::Get' into 'unite' (unite.cc:74).
INFO: [XFORM 203-603] Inlining function 'hlslib::DataPack<int, 32>::Get' into 'check_sol' (unite.cc:55).
INFO: [XFORM 203-603] Inlining function 'hlslib::DataPack<int, 32>::Get' into 'check_sol' (unite.cc:54).
INFO: [XFORM 203-603] Inlining function 'hlslib::DataPack<int, 32>::Get' into 'check_sol' (unite.cc:49).
INFO: [XFORM 203-603] Inlining function 'hlslib::DataPack<int, 32>::Get' into 'check_sol' (unite.cc:48).
INFO: [XFORM 203-603] Inlining function 'hlslib::DataPack<int, 32>::Get' into 'check_sol' (unite.cc:48).
INFO: [XFORM 203-603] Inlining function 'hlslib::DataPack<int, 32>::Get' into 'check_sol' (unite.cc:48).
INFO: [XFORM 203-603] Inlining function 'hlslib::DataPack<int, 32>::Get' into 'check_sol' (unite.cc:44).
INFO: [XFORM 203-603] Inlining function 'hlslib::DataPack<int, 32>::Get' into 'readCompare' (unite.cc:33).
INFO: [XFORM 203-603] Inlining function 'hlslib::DataPack<int, 32>::Get' into 'readCompare' (unite.cc:29).
INFO: [XFORM 203-603] Inlining function 'hlslib::DataPack<int, 32>::Get' into 'readCompare' (unite.cc:26).
INFO: [XFORM 203-603] Inlining function 'hlslib::DataPack<int, 32>::Get' into 'readItem' (unite.cc:15).
INFO: [XFORM 203-603] Inlining function 'hlslib::DataPack<int, 32>::Get' into 'readItem' (unite.cc:13).
INFO: [XFORM 203-603] Inlining function 'hlslib::Stream<int, 1u>::WriteBlocking.1' into 'hlslib::Stream<int, 1u>::WriteBlocking' (../hlslib/include/hlslib/Stream.h:359).
INFO: [XFORM 203-603] Inlining function 'hlslib::Stream<int, 1u>::WriteBlocking' into 'hlslib::Stream<int, 1u>::Push' (../hlslib/include/hlslib/Stream.h:371).
INFO: [XFORM 203-603] Inlining function 'hlslib::Stream<int, 1u>::Push' into 'readItem' (unite.cc:18).
INFO: [XFORM 203-603] Inlining function 'hlslib::Stream<int, 1u>::ReadBlocking' into 'hlslib::Stream<int, 1u>::Pop' (../hlslib/include/hlslib/Stream.h:263).
INFO: [XFORM 203-603] Inlining function 'hlslib::Stream<int, 1u>::Pop' into 'readCompare' (unite.cc:25).
INFO: [HLS 200-111] Finished Standard Transforms Time (s): cpu = 00:00:31 ; elapsed = 00:00:32 . Memory (MB): peak = 365.945 ; gain = 0.266 ; free physical = 379 ; free virtual = 6632
INFO: [HLS 200-10] Checking synthesizability ...
INFO: [XFORM 203-602] Inlining function 'std::numeric_limits<int>::max' into 'readItem' (../hlslib/include/hlslib/Stream.h:359->../hlslib/include/hlslib/Stream.h:371->unite.cc:18) automatically.
INFO: [XFORM 203-602] Inlining function 'readItem' into 'unite' (unite.cc:68) automatically.
WARNING: [SYNCHK 200-23] ../hlslib/include/hlslib/DataPack.h:95: variable-indexed range selection may cause suboptimal QoR.
WARNING: [SYNCHK 200-77] The top function 'unite' (unite.cc:59) has no outputs. Possible cause(s) are: (1) Output parameters are passed by value; (2) intended outputs (parameters or global variables) are never written; (3) there are infinite loops.
INFO: [SYNCHK 200-10] 0 error(s), 2 warning(s).
INFO: [HLS 200-111] Finished Checking Synthesizability Time (s): cpu = 00:00:31 ; elapsed = 00:00:32 . Memory (MB): peak = 365.945 ; gain = 0.266 ; free physical = 375 ; free virtual = 6628
INFO: [XFORM 203-502] Unrolling all sub-loops inside loop 'readAdj1' (unite.cc:11) in function 'readItem' for pipelining.
INFO: [XFORM 203-502] Unrolling all sub-loops inside loop 'readAdj2' (unite.cc:23) in function 'readCompare' for pipelining.
INFO: [XFORM 203-501] Unrolling loop 'DataPack_Fill' (../hlslib/include/hlslib/DataPack.h:101) in function 'unite' completely.
INFO: [XFORM 203-501] Unrolling loop 'ShiftOut' (unite.cc:14) in function 'readItem' completely.
INFO: [XFORM 203-501] Unrolling loop 'Compare' (unite.cc:28) in function 'readCompare' completely.
INFO: [XFORM 203-501] Unrolling loop 'ShiftOut' (unite.cc:32) in function 'readCompare' completely.
INFO: [XFORM 203-501] Unrolling loop 'DataPack_Fill' (../hlslib/include/hlslib/DataPack.h:101) in function 'check_sol' completely.
INFO: [XFORM 203-602] Inlining function 'readItem' into 'unite' (unite.cc:68) automatically.
INFO: [XFORM 203-401] Performing if-conversion on hyperblock from (unite.cc:23:36) to (unite.cc:23:31) in function 'readCompare'... converting 3 basic blocks.
INFO: [HLS 200-111] Finished Pre-synthesis Time (s): cpu = 00:00:32 ; elapsed = 00:00:33 . Memory (MB): peak = 493.680 ; gain = 128.000 ; free physical = 351 ; free virtual = 6604
INFO: [HLS 200-111] Finished Architecture Synthesis Time (s): cpu = 00:00:32 ; elapsed = 00:00:33 . Memory (MB): peak = 493.680 ; gain = 128.000 ; free physical = 349 ; free virtual = 6603
INFO: [HLS 200-10] Starting hardware synthesis ...
INFO: [HLS 200-10] Synthesizing 'unite' ...
INFO: [HLS 200-10] ----------------------------------------------------------------
INFO: [HLS 200-42] -- Implementing module 'readCompare' 
INFO: [HLS 200-10] ----------------------------------------------------------------
INFO: [SCHED 204-11] Starting scheduling ...
INFO: [SCHED 204-61] Pipelining loop 'readAdj2'.
INFO: [SCHED 204-61] Pipelining result : Target II = 1, Final II = 1, Depth = 2.
INFO: [SCHED 204-11] Finished scheduling.
INFO: [HLS 200-111]  Elapsed time: 33.49 seconds; current allocated memory: 86.483 MB.
INFO: [BIND 205-100] Starting micro-architecture generation ...
INFO: [BIND 205-101] Performing variable lifetime analysis.
INFO: [BIND 205-101] Exploring resource sharing.
INFO: [BIND 205-101] Binding ...
INFO: [BIND 205-100] Finished micro-architecture generation.
INFO: [HLS 200-111]  Elapsed time: 0.04 seconds; current allocated memory: 86.567 MB.
INFO: [HLS 200-10] ----------------------------------------------------------------
INFO: [HLS 200-42] -- Implementing module 'unite' 
INFO: [HLS 200-10] ----------------------------------------------------------------
INFO: [SCHED 204-11] Starting scheduling ...
INFO: [SCHED 204-61] Pipelining loop 'readAdj1'.
INFO: [SCHED 204-61] Pipelining result : Target II = 1, Final II = 1, Depth = 2.
INFO: [SCHED 204-11] Finished scheduling.
==============================================================
File generated by Vivado(TM) HLS - High-Level Synthesis from C, C++ and SystemC
Version: 2018.2
Copyright (C) 1986-2018 Xilinx, Inc. All Rights Reserved.

==============================================================

==============================================================
File generated by Vivado(TM) HLS - High-Level Synthesis from C, C++ and SystemC
Version: 2018.2
Copyright (C) 1986-2018 Xilinx, Inc. All Rights Reserved.

==============================================================

==============================================================
File generated by Vivado(TM) HLS - High-Level Synthesis from C, C++ and SystemC
Version: 2018.2
Copyright (C) 1986-2018 Xilinx, Inc. All Rights Reserved.

==============================================================

==============================================================
File generated by Vivado(TM) HLS - High-Level Synthesis from C, C++ and SystemC
Version: 2018.2
Copyright (C) 1986-2018 Xilinx, Inc. All Rights Reserved.

==============================================================

==============================================================
File generated by Vivado(TM) HLS - High-Level Synthesis from C, C++ and SystemC
Version: 2018.2
Copyright (C) 1986-2018 Xilinx, Inc. All Rights Reserved.

==============================================================

==============================================================
File generated by Vivado(TM) HLS - High-Level Synthesis from C, C++ and SystemC
Version: 2018.2
Copyright (C) 1986-2018 Xilinx, Inc. All Rights Reserved.

==============================================================

==============================================================
File generated by Vivado(TM) HLS - High-Level Synthesis from C, C++ and SystemC
Version: 2018.2
Copyright (C) 1986-2018 Xilinx, Inc. All Rights Reserved.

==============================================================

==============================================================
File generated by Vivado(TM) HLS - High-Level Synthesis from C, C++ and SystemC
Version: 2018.2
Copyright (C) 1986-2018 Xilinx, Inc. All Rights Reserved.

==============================================================

==============================================================
File generated by Vivado(TM) HLS - High-Level Synthesis from C, C++ and SystemC
Version: 2018.2
Copyright (C) 1986-2018 Xilinx, Inc. All Rights Reserved.

==============================================================

==============================================================
File generated by Vivado(TM) HLS - High-Level Synthesis from C, C++ and SystemC
Version: 2018.2
Copyright (C) 1986-2018 Xilinx, Inc. All Rights Reserved.

==============================================================

INFO: [SYN 201-201] Setting up clock 'default' with a period of 3.33333ns.
INFO: [HLS 200-10] Setting target device to 'xcku5p-sfvb784-3-e'
INFO: [HLS 200-10] Adding design file 'unite.cc' to the project
INFO: [HLS 200-10] Analyzing design file 'unite.cc' ... 
INFO: [HLS 200-111] Finished Linking Time (s): cpu = 00:00:30 ; elapsed = 00:00:31 . Memory (MB): peak = 365.773 ; gain = 0.086 ; free physical = 380 ; free virtual = 6634
INFO: [HLS 200-111] Finished Checking Pragmas Time (s): cpu = 00:00:30 ; elapsed = 00:00:31 . Memory (MB): peak = 365.773 ; gain = 0.086 ; free physical = 380 ; free virtual = 6634
INFO: [HLS 200-10] Starting code transformations ...
INFO: [XFORM 203-603] Inlining function 'hlslib::DataPack<int, 32>::Set' into 'hlslib::DataPack<int, 32>::Fill' (../hlslib/include/hlslib/DataPack.h:103).
INFO: [XFORM 203-603] Inlining function 'hlslib::DataPack<int, 32>::Set' into 'check_sol' (unite.cc:55).
INFO: [XFORM 203-603] Inlining function 'hlslib::DataPack<int, 32>::Set' into 'check_sol' (unite.cc:50).
INFO: [XFORM 203-603] Inlining function 'hlslib::DataPack<int, 32>::Set' into 'readCompare' (unite.cc:41).
INFO: [XFORM 203-603] Inlining function 'hlslib::DataPack<int, 32>::Set' into 'readCompare' (unite.cc:39).
INFO: [XFORM 203-603] Inlining function 'hlslib::DataPack<int, 32>::Set' into 'readItem' (unite.cc:18).
INFO: [XFORM 203-603] Inlining function 'hlslib::DataPack<int, 32>::Fill' into 'unite' (unite.cc:71).
INFO: [XFORM 203-603] Inlining function 'hlslib::DataPack<int, 32>::Fill' into 'check_sol' (unite.cc:48).
INFO: [XFORM 203-603] Inlining function 'hlslib::DataPack<int, 32>::Get' into 'unite' (unite.cc:93).
INFO: [XFORM 203-603] Inlining function 'hlslib::DataPack<int, 32>::Get' into 'unite' (unite.cc:92).
INFO: [XFORM 203-603] Inlining function 'hlslib::DataPack<int, 32>::Get' into 'unite' (unite.cc:87).
INFO: [XFORM 203-603] Inlining function 'hlslib::DataPack<int, 32>::Get' into 'unite' (unite.cc:86).
INFO: [XFORM 203-603] Inlining function 'hlslib::DataPack<int, 32>::Get' into 'unite' (unite.cc:81).
INFO: [XFORM 203-603] Inlining function 'hlslib::DataPack<int, 32>::Get' into 'unite' (unite.cc:80).
INFO: [XFORM 203-603] Inlining function 'hlslib::DataPack<int, 32>::Get' into 'check_sol' (unite.cc:61).
INFO: [XFORM 203-603] Inlining function 'hlslib::DataPack<int, 32>::Get' into 'check_sol' (unite.cc:60).
INFO: [XFORM 203-603] Inlining function 'hlslib::DataPack<int, 32>::Get' into 'check_sol' (unite.cc:55).
INFO: [XFORM 203-603] Inlining function 'hlslib::DataPack<int, 32>::Get' into 'check_sol' (unite.cc:54).
INFO: [XFORM 203-603] Inlining function 'hlslib::DataPack<int, 32>::Get' into 'check_sol' (unite.cc:54).
INFO: [XFORM 203-603] Inlining function 'hlslib::DataPack<int, 32>::Get' into 'check_sol' (unite.cc:54).
INFO: [XFORM 203-603] Inlining function 'hlslib::DataPack<int, 32>::Get' into 'check_sol' (unite.cc:50).
INFO: [XFORM 203-603] Inlining function 'hlslib::DataPack<int, 32>::Get' into 'readCompare' (unite.cc:39).
INFO: [XFORM 203-603] Inlining function 'hlslib::DataPack<int, 32>::Get' into 'readCompare' (unite.cc:34).
INFO: [XFORM 203-603] Inlining function 'hlslib::DataPack<int, 32>::Get' into 'readCompare' (unite.cc:31).
INFO: [XFORM 203-603] Inlining function 'hlslib::DataPack<int, 32>::Get' into 'readItem' (unite.cc:13).
INFO: [XFORM 203-603] Inlining function 'hlslib::Stream<int, 1u>::ReadBlocking' into 'hlslib::Stream<int, 1u>::Pop' (../hlslib/include/hlslib/Stream.h:263).
INFO: [XFORM 203-603] Inlining function 'hlslib::Stream<int, 1u>::Pop' into 'readCompare' (unite.cc:30).
INFO: [HLS 200-111] Finished Standard Transforms Time (s): cpu = 00:00:32 ; elapsed = 00:00:32 . Memory (MB): peak = 365.949 ; gain = 0.262 ; free physical = 376 ; free virtual = 6629
INFO: [HLS 200-10] Checking synthesizability ...
INFO: [XFORM 203-602] Inlining function 'readItem' into 'unite' (unite.cc:74) automatically.
WARNING: [SYNCHK 200-23] ../hlslib/include/hlslib/DataPack.h:95: variable-indexed range selection may cause suboptimal QoR.
WARNING: [SYNCHK 200-77] The top function 'unite' (unite.cc:65) has no outputs. Possible cause(s) are: (1) Output parameters are passed by value; (2) intended outputs (parameters or global variables) are never written; (3) there are infinite loops.
INFO: [SYNCHK 200-10] 0 error(s), 2 warning(s).
INFO: [HLS 200-111] Finished Checking Synthesizability Time (s): cpu = 00:00:32 ; elapsed = 00:00:33 . Memory (MB): peak = 365.949 ; gain = 0.262 ; free physical = 372 ; free virtual = 6625
INFO: [XFORM 203-502] Unrolling all sub-loops inside loop 'readAdj2' (unite.cc:28) in function 'readCompare' for pipelining.
INFO: [XFORM 203-501] Unrolling loop 'DataPack_Fill' (../hlslib/include/hlslib/DataPack.h:101) in function 'unite' completely.
INFO: [XFORM 203-501] Unrolling loop 'ShiftOut' (unite.cc:38) in function 'readCompare' completely.
INFO: [XFORM 203-501] Unrolling loop 'DataPack_Fill' (../hlslib/include/hlslib/DataPack.h:101) in function 'check_sol' completely.
INFO: [XFORM 203-602] Inlining function 'readItem' into 'unite' (unite.cc:74) automatically.
INFO: [XFORM 203-602] Inlining function 'readCompare' into 'unite' (unite.cc:75) automatically.
WARNING: [XFORM 203-731] Internal stream variable 'items1.stream_.V' (unite.cc:68) is invalid: it has no data producer
INFO: [XFORM 203-401] Performing if-conversion on hyperblock from (unite.cc:11:38) to (unite.cc:11:32) in function 'unite'... converting 3 basic blocks.
INFO: [XFORM 203-401] Performing if-conversion on hyperblock from (unite.cc:28:36) to (unite.cc:28:31) in function 'unite'... converting 3 basic blocks.
INFO: [HLS 200-111] Finished Pre-synthesis Time (s): cpu = 00:00:32 ; elapsed = 00:00:33 . Memory (MB): peak = 493.918 ; gain = 128.230 ; free physical = 350 ; free virtual = 6603
INFO: [HLS 200-111] Finished Architecture Synthesis Time (s): cpu = 00:00:32 ; elapsed = 00:00:33 . Memory (MB): peak = 493.918 ; gain = 128.230 ; free physical = 349 ; free virtual = 6602
INFO: [HLS 200-10] Starting hardware synthesis ...
INFO: [HLS 200-10] Synthesizing 'unite' ...
INFO: [HLS 200-10] ----------------------------------------------------------------
INFO: [HLS 200-42] -- Implementing module 'unite' 
INFO: [HLS 200-10] ----------------------------------------------------------------
INFO: [SCHED 204-11] Starting scheduling ...
INFO: [SCHED 204-61] Pipelining loop 'readAdj2'.
INFO: [SCHED 204-61] Pipelining result : Target II = 1, Final II = 1, Depth = 1.
INFO: [SCHED 204-11] Finished scheduling.
INFO: [HLS 200-111]  Elapsed time: 33.22 seconds; current allocated memory: 75.983 MB.
WARNING: [HLS 200-433] Loop - readAdj2 has an initiation interval that is equal to the pipeline depth (1) - this results in an unpipelined loop.
INFO: [BIND 205-100] Starting micro-architecture generation ...
INFO: [BIND 205-101] Performing variable lifetime analysis.
INFO: [BIND 205-101] Exploring resource sharing.
INFO: [BIND 205-101] Binding ...
INFO: [BIND 205-100] Finished micro-architecture generation.
INFO: [HLS 200-111]  Elapsed time: 0.02 seconds; current allocated memory: 76.114 MB.
WARNING: [HLS 200-433] Loop - readAdj2 has an initiation interval that is equal to the pipeline depth (1) - this results in an unpipelined loop.
INFO: [HLS 200-10] ----------------------------------------------------------------
INFO: [HLS 200-10] -- Generating RTL for module 'unite' 
INFO: [HLS 200-10] ----------------------------------------------------------------
INFO: [RTGEN 206-500] Setting interface mode on port 'unite/adj1_data_V' to 's_axilite & ap_none'.
INFO: [RTGEN 206-500] Setting interface mode on port 'unite/adj2_data_V' to 's_axilite & ap_none'.
INFO: [RTGEN 206-500] Setting interface mode on function 'unite' to 'ap_ctrl_hs'.
INFO: [RTGEN 206-100] Bundling port 'adj1_data_V' and 'adj2_data_V' to AXI-Lite port control.
INFO: [RTGEN 206-100] Finished creating RTL model for 'unite'.
INFO: [HLS 200-111]  Elapsed time: 0.04 seconds; current allocated memory: 76.379 MB.
WARNING: [HLS 200-433] Loop - readAdj2 has an initiation interval that is equal to the pipeline depth (1) - this results in an unpipelined loop.
WARNING: [HLS 200-433] Loop - readAdj2 has an initiation interval that is equal to the pipeline depth (1) - this results in an unpipelined loop.
==============================================================
File generated by Vivado(TM) HLS - High-Level Synthesis from C, C++ and SystemC
Version: 2018.2
Copyright (C) 1986-2018 Xilinx, Inc. All Rights Reserved.

==============================================================

INFO: [SYN 201-201] Setting up clock 'default' with a period of 3.33333ns.
INFO: [HLS 200-10] Setting target device to 'xcku5p-sfvb784-3-e'
INFO: [HLS 200-10] Adding design file 'unite.cc' to the project
INFO: [HLS 200-10] Analyzing design file 'unite.cc' ... 
INFO: [HLS 200-111] Finished Linking Time (s): cpu = 00:00:30 ; elapsed = 00:00:31 . Memory (MB): peak = 365.773 ; gain = 0.086 ; free physical = 380 ; free virtual = 6634
INFO: [HLS 200-111] Finished Checking Pragmas Time (s): cpu = 00:00:30 ; elapsed = 00:00:31 . Memory (MB): peak = 365.773 ; gain = 0.086 ; free physical = 380 ; free virtual = 6634
INFO: [HLS 200-10] Starting code transformations ...
INFO: [XFORM 203-603] Inlining function 'hlslib::DataPack<int, 32>::Set' into 'hlslib::DataPack<int, 32>::Fill' (../hlslib/include/hlslib/DataPack.h:103).
INFO: [XFORM 203-603] Inlining function 'hlslib::DataPack<int, 32>::Set' into 'check_sol' (unite.cc:55).
INFO: [XFORM 203-603] Inlining function 'hlslib::DataPack<int, 32>::Set' into 'check_sol' (unite.cc:50).
INFO: [XFORM 203-603] Inlining function 'hlslib::DataPack<int, 32>::Set' into 'readCompare' (unite.cc:41).
INFO: [XFORM 203-603] Inlining function 'hlslib::DataPack<int, 32>::Set' into 'readCompare' (unite.cc:39).
INFO: [XFORM 203-603] Inlining function 'hlslib::DataPack<int, 32>::Set' into 'readItem' (unite.cc:18).
INFO: [XFORM 203-603] Inlining function 'hlslib::DataPack<int, 32>::Fill' into 'unite' (unite.cc:71).
INFO: [XFORM 203-603] Inlining function 'hlslib::DataPack<int, 32>::Fill' into 'check_sol' (unite.cc:48).
INFO: [XFORM 203-603] Inlining function 'hlslib::DataPack<int, 32>::Get' into 'unite' (unite.cc:93).
INFO: [XFORM 203-603] Inlining function 'hlslib::DataPack<int, 32>::Get' into 'unite' (unite.cc:92).
INFO: [XFORM 203-603] Inlining function 'hlslib::DataPack<int, 32>::Get' into 'unite' (unite.cc:87).
INFO: [XFORM 203-603] Inlining function 'hlslib::DataPack<int, 32>::Get' into 'unite' (unite.cc:86).
INFO: [XFORM 203-603] Inlining function 'hlslib::DataPack<int, 32>::Get' into 'unite' (unite.cc:81).
INFO: [XFORM 203-603] Inlining function 'hlslib::DataPack<int, 32>::Get' into 'unite' (unite.cc:80).
INFO: [XFORM 203-603] Inlining function 'hlslib::DataPack<int, 32>::Get' into 'check_sol' (unite.cc:61).
INFO: [XFORM 203-603] Inlining function 'hlslib::DataPack<int, 32>::Get' into 'check_sol' (unite.cc:60).
INFO: [XFORM 203-603] Inlining function 'hlslib::DataPack<int, 32>::Get' into 'check_sol' (unite.cc:55).
INFO: [XFORM 203-603] Inlining function 'hlslib::DataPack<int, 32>::Get' into 'check_sol' (unite.cc:54).
INFO: [XFORM 203-603] Inlining function 'hlslib::DataPack<int, 32>::Get' into 'check_sol' (unite.cc:54).
INFO: [XFORM 203-603] Inlining function 'hlslib::DataPack<int, 32>::Get' into 'check_sol' (unite.cc:54).
INFO: [XFORM 203-603] Inlining function 'hlslib::DataPack<int, 32>::Get' into 'check_sol' (unite.cc:50).
INFO: [XFORM 203-603] Inlining function 'hlslib::DataPack<int, 32>::Get' into 'readCompare' (unite.cc:39).
INFO: [XFORM 203-603] Inlining function 'hlslib::DataPack<int, 32>::Get' into 'readCompare' (unite.cc:34).
INFO: [XFORM 203-603] Inlining function 'hlslib::DataPack<int, 32>::Get' into 'readCompare' (unite.cc:31).
INFO: [XFORM 203-603] Inlining function 'hlslib::DataPack<int, 32>::Get' into 'readItem' (unite.cc:13).
INFO: [XFORM 203-603] Inlining function 'hlslib::Stream<int, 1u>::WriteBlocking.1' into 'hlslib::Stream<int, 1u>::WriteBlocking' (../hlslib/include/hlslib/Stream.h:359).
INFO: [XFORM 203-603] Inlining function 'hlslib::Stream<int, 1u>::WriteBlocking' into 'hlslib::Stream<int, 1u>::Push' (../hlslib/include/hlslib/Stream.h:371).
INFO: [XFORM 203-603] Inlining function 'hlslib::Stream<int, 1u>::Push' into 'readItem' (unite.cc:20).
INFO: [XFORM 203-603] Inlining function 'hlslib::Stream<int, 1u>::ReadBlocking' into 'hlslib::Stream<int, 1u>::Pop' (../hlslib/include/hlslib/Stream.h:263).
INFO: [XFORM 203-603] Inlining function 'hlslib::Stream<int, 1u>::Pop' into 'readCompare' (unite.cc:30).
INFO: [HLS 200-111] Finished Standard Transforms Time (s): cpu = 00:00:31 ; elapsed = 00:00:32 . Memory (MB): peak = 365.953 ; gain = 0.266 ; free physical = 375 ; free virtual = 6629
INFO: [HLS 200-10] Checking synthesizability ...
INFO: [XFORM 203-602] Inlining function 'std::numeric_limits<int>::max' into 'readItem' (../hlslib/include/hlslib/Stream.h:359->../hlslib/include/hlslib/Stream.h:371->unite.cc:20) automatically.
INFO: [XFORM 203-602] Inlining function 'readItem' into 'unite' (unite.cc:74) automatically.
WARNING: [SYNCHK 200-23] ../hlslib/include/hlslib/DataPack.h:95: variable-indexed range selection may cause suboptimal QoR.
WARNING: [SYNCHK 200-77] The top function 'unite' (unite.cc:65) has no outputs. Possible cause(s) are: (1) Output parameters are passed by value; (2) intended outputs (parameters or global variables) are never written; (3) there are infinite loops.
INFO: [SYNCHK 200-10] 0 error(s), 2 warning(s).
INFO: [HLS 200-111] Finished Checking Synthesizability Time (s): cpu = 00:00:32 ; elapsed = 00:00:32 . Memory (MB): peak = 365.953 ; gain = 0.266 ; free physical = 371 ; free virtual = 6625
INFO: [XFORM 203-502] Unrolling all sub-loops inside loop 'readAdj2' (unite.cc:28) in function 'readCompare' for pipelining.
INFO: [XFORM 203-501] Unrolling loop 'DataPack_Fill' (../hlslib/include/hlslib/DataPack.h:101) in function 'unite' completely.
INFO: [XFORM 203-501] Unrolling loop 'ShiftOut' (unite.cc:38) in function 'readCompare' completely.
INFO: [XFORM 203-501] Unrolling loop 'DataPack_Fill' (../hlslib/include/hlslib/DataPack.h:101) in function 'check_sol' completely.
INFO: [XFORM 203-602] Inlining function 'readItem' into 'unite' (unite.cc:74) automatically.
INFO: [XFORM 203-602] Inlining function 'readCompare' into 'unite' (unite.cc:75) automatically.
INFO: [XFORM 203-401] Performing if-conversion on hyperblock from (unite.cc:28:36) to (unite.cc:28:31) in function 'unite'... converting 3 basic blocks.
INFO: [HLS 200-111] Finished Pre-synthesis Time (s): cpu = 00:00:32 ; elapsed = 00:00:33 . Memory (MB): peak = 493.926 ; gain = 128.238 ; free physical = 349 ; free virtual = 6603
INFO: [HLS 200-111] Finished Architecture Synthesis Time (s): cpu = 00:00:32 ; elapsed = 00:00:33 . Memory (MB): peak = 493.926 ; gain = 128.238 ; free physical = 348 ; free virtual = 6602
INFO: [HLS 200-10] Starting hardware synthesis ...
INFO: [HLS 200-10] Synthesizing 'unite' ...
INFO: [HLS 200-10] ----------------------------------------------------------------
INFO: [HLS 200-42] -- Implementing module 'unite' 
INFO: [HLS 200-10] ----------------------------------------------------------------
INFO: [SCHED 204-11] Starting scheduling ...
INFO: [SCHED 204-61] Pipelining loop 'readAdj1'.
INFO: [SCHED 204-61] Pipelining result : Target II = 1, Final II = 1, Depth = 3.
INFO: [SCHED 204-61] Pipelining loop 'readAdj2'.
INFO: [SCHED 204-61] Pipelining result : Target II = 1, Final II = 1, Depth = 2.
INFO: [SCHED 204-11] Finished scheduling.
INFO: [HLS 200-111]  Elapsed time: 33.3 seconds; current allocated memory: 76.871 MB.
INFO: [BIND 205-100] Starting micro-architecture generation ...
INFO: [BIND 205-101] Performing variable lifetime analysis.
INFO: [BIND 205-101] Exploring resource sharing.
INFO: [BIND 205-101] Binding ...
INFO: [BIND 205-100] Finished micro-architecture generation.
INFO: [HLS 200-111]  Elapsed time: 0.08 seconds; current allocated memory: 77.125 MB.
INFO: [HLS 200-10] ----------------------------------------------------------------
INFO: [HLS 200-10] -- Generating RTL for module 'unite' 
INFO: [HLS 200-10] ----------------------------------------------------------------
INFO: [RTGEN 206-500] Setting interface mode on port 'unite/adj1_data_V' to 's_axilite & ap_none'.
INFO: [RTGEN 206-500] Setting interface mode on port 'unite/adj2_data_V' to 's_axilite & ap_none'.
INFO: [RTGEN 206-500] Setting interface mode on function 'unite' to 'ap_ctrl_hs'.
INFO: [RTGEN 206-100] Bundling port 'adj1_data_V' and 'adj2_data_V' to AXI-Lite port control.
INFO: [RTGEN 206-100] Finished creating RTL model for 'unite'.
INFO: [HLS 200-111]  Elapsed time: 0.17 seconds; current allocated memory: 77.749 MB.
==============================================================
File generated by Vivado(TM) HLS - High-Level Synthesis from C, C++ and SystemC
Version: 2018.2
Copyright (C) 1986-2018 Xilinx, Inc. All Rights Reserved.

==============================================================

==============================================================
File generated by Vivado(TM) HLS - High-Level Synthesis from C, C++ and SystemC
Version: 2018.2
Copyright (C) 1986-2018 Xilinx, Inc. All Rights Reserved.

==============================================================

INFO: [SYN 201-201] Setting up clock 'default' with a period of 3.33333ns.
INFO: [HLS 200-10] Setting target device to 'xcku5p-sfvb784-3-e'
INFO: [HLS 200-10] Adding design file 'unite.cc' to the project
INFO: [HLS 200-10] Analyzing design file 'unite.cc' ... 
INFO: [HLS 200-111] Finished Linking Time (s): cpu = 00:00:30 ; elapsed = 00:00:31 . Memory (MB): peak = 365.770 ; gain = 0.086 ; free physical = 377 ; free virtual = 6631
INFO: [HLS 200-111] Finished Checking Pragmas Time (s): cpu = 00:00:30 ; elapsed = 00:00:31 . Memory (MB): peak = 365.770 ; gain = 0.086 ; free physical = 377 ; free virtual = 6631
INFO: [HLS 200-10] Starting code transformations ...
INFO: [XFORM 203-603] Inlining function 'hlslib::DataPack<int, 32>::Set' into 'hlslib::DataPack<int, 32>::Fill' (../hlslib/include/hlslib/DataPack.h:103).
INFO: [XFORM 203-603] Inlining function 'hlslib::DataPack<int, 32>::Set' into 'check_sol' (unite.cc:55).
INFO: [XFORM 203-603] Inlining function 'hlslib::DataPack<int, 32>::Set' into 'check_sol' (unite.cc:50).
INFO: [XFORM 203-603] Inlining function 'hlslib::DataPack<int, 32>::Set' into 'readCompare' (unite.cc:41).
INFO: [XFORM 203-603] Inlining function 'hlslib::DataPack<int, 32>::Set' into 'readCompare' (unite.cc:39).
INFO: [XFORM 203-603] Inlining function 'hlslib::DataPack<int, 32>::Set' into 'readItem' (unite.cc:18).
INFO: [XFORM 203-603] Inlining function 'hlslib::DataPack<int, 32>::Fill' into 'unite' (unite.cc:71).
INFO: [XFORM 203-603] Inlining function 'hlslib::DataPack<int, 32>::Fill' into 'check_sol' (unite.cc:48).
INFO: [XFORM 203-603] Inlining function 'hlslib::DataPack<int, 32>::Get' into 'unite' (unite.cc:93).
INFO: [XFORM 203-603] Inlining function 'hlslib::DataPack<int, 32>::Get' into 'unite' (unite.cc:92).
INFO: [XFORM 203-603] Inlining function 'hlslib::DataPack<int, 32>::Get' into 'unite' (unite.cc:87).
INFO: [XFORM 203-603] Inlining function 'hlslib::DataPack<int, 32>::Get' into 'unite' (unite.cc:86).
INFO: [XFORM 203-603] Inlining function 'hlslib::DataPack<int, 32>::Get' into 'unite' (unite.cc:81).
INFO: [XFORM 203-603] Inlining function 'hlslib::DataPack<int, 32>::Get' into 'unite' (unite.cc:80).
INFO: [XFORM 203-603] Inlining function 'hlslib::DataPack<int, 32>::Get' into 'check_sol' (unite.cc:61).
INFO: [XFORM 203-603] Inlining function 'hlslib::DataPack<int, 32>::Get' into 'check_sol' (unite.cc:60).
INFO: [XFORM 203-603] Inlining function 'hlslib::DataPack<int, 32>::Get' into 'check_sol' (unite.cc:55).
INFO: [XFORM 203-603] Inlining function 'hlslib::DataPack<int, 32>::Get' into 'check_sol' (unite.cc:54).
INFO: [XFORM 203-603] Inlining function 'hlslib::DataPack<int, 32>::Get' into 'check_sol' (unite.cc:54).
INFO: [XFORM 203-603] Inlining function 'hlslib::DataPack<int, 32>::Get' into 'check_sol' (unite.cc:54).
INFO: [XFORM 203-603] Inlining function 'hlslib::DataPack<int, 32>::Get' into 'check_sol' (unite.cc:50).
INFO: [XFORM 203-603] Inlining function 'hlslib::DataPack<int, 32>::Get' into 'readCompare' (unite.cc:39).
INFO: [XFORM 203-603] Inlining function 'hlslib::DataPack<int, 32>::Get' into 'readCompare' (unite.cc:34).
INFO: [XFORM 203-603] Inlining function 'hlslib::DataPack<int, 32>::Get' into 'readCompare' (unite.cc:31).
INFO: [XFORM 203-603] Inlining function 'hlslib::DataPack<int, 32>::Get' into 'readItem' (unite.cc:13).
INFO: [XFORM 203-603] Inlining function 'hlslib::Stream<int, 1u>::WriteBlocking.1' into 'hlslib::Stream<int, 1u>::WriteBlocking' (../hlslib/include/hlslib/Stream.h:359).
INFO: [XFORM 203-603] Inlining function 'hlslib::Stream<int, 1u>::WriteBlocking' into 'hlslib::Stream<int, 1u>::Push' (../hlslib/include/hlslib/Stream.h:371).
INFO: [XFORM 203-603] Inlining function 'hlslib::Stream<int, 1u>::Push' into 'readItem' (unite.cc:22).
INFO: [XFORM 203-603] Inlining function 'hlslib::Stream<int, 1u>::ReadBlocking' into 'hlslib::Stream<int, 1u>::Pop' (../hlslib/include/hlslib/Stream.h:263).
INFO: [XFORM 203-603] Inlining function 'hlslib::Stream<int, 1u>::Pop' into 'readCompare' (unite.cc:30).
INFO: [HLS 200-111] Finished Standard Transforms Time (s): cpu = 00:00:31 ; elapsed = 00:00:32 . Memory (MB): peak = 365.949 ; gain = 0.266 ; free physical = 372 ; free virtual = 6627
INFO: [HLS 200-10] Checking synthesizability ...
INFO: [XFORM 203-602] Inlining function 'std::numeric_limits<int>::max' into 'readItem' (../hlslib/include/hlslib/Stream.h:359->../hlslib/include/hlslib/Stream.h:371->unite.cc:22) automatically.
INFO: [XFORM 203-602] Inlining function 'readItem' into 'unite' (unite.cc:74) automatically.
WARNING: [SYNCHK 200-23] ../hlslib/include/hlslib/DataPack.h:95: variable-indexed range selection may cause suboptimal QoR.
WARNING: [SYNCHK 200-77] The top function 'unite' (unite.cc:65) has no outputs. Possible cause(s) are: (1) Output parameters are passed by value; (2) intended outputs (parameters or global variables) are never written; (3) there are infinite loops.
INFO: [SYNCHK 200-10] 0 error(s), 2 warning(s).
INFO: [HLS 200-111] Finished Checking Synthesizability Time (s): cpu = 00:00:32 ; elapsed = 00:00:32 . Memory (MB): peak = 365.949 ; gain = 0.266 ; free physical = 369 ; free virtual = 6623
INFO: [XFORM 203-502] Unrolling all sub-loops inside loop 'readAdj2' (unite.cc:28) in function 'readCompare' for pipelining.
INFO: [XFORM 203-501] Unrolling loop 'DataPack_Fill' (../hlslib/include/hlslib/DataPack.h:101) in function 'unite' completely.
INFO: [XFORM 203-501] Unrolling loop 'ShiftOut' (unite.cc:38) in function 'readCompare' completely.
INFO: [XFORM 203-501] Unrolling loop 'DataPack_Fill' (../hlslib/include/hlslib/DataPack.h:101) in function 'check_sol' completely.
INFO: [XFORM 203-602] Inlining function 'readItem' into 'unite' (unite.cc:74) automatically.
INFO: [XFORM 203-602] Inlining function 'readCompare' into 'unite' (unite.cc:75) automatically.
INFO: [XFORM 203-401] Performing if-conversion on hyperblock from (unite.cc:11:38) to (unite.cc:11:32) in function 'unite'... converting 3 basic blocks.
INFO: [XFORM 203-401] Performing if-conversion on hyperblock from (unite.cc:28:36) to (unite.cc:28:31) in function 'unite'... converting 3 basic blocks.
INFO: [HLS 200-111] Finished Pre-synthesis Time (s): cpu = 00:00:32 ; elapsed = 00:00:33 . Memory (MB): peak = 493.922 ; gain = 128.238 ; free physical = 346 ; free virtual = 6601
INFO: [HLS 200-111] Finished Architecture Synthesis Time (s): cpu = 00:00:32 ; elapsed = 00:00:33 . Memory (MB): peak = 493.922 ; gain = 128.238 ; free physical = 345 ; free virtual = 6600
INFO: [HLS 200-10] Starting hardware synthesis ...
INFO: [HLS 200-10] Synthesizing 'unite' ...
INFO: [HLS 200-10] ----------------------------------------------------------------
INFO: [HLS 200-42] -- Implementing module 'unite' 
INFO: [HLS 200-10] ----------------------------------------------------------------
INFO: [SCHED 204-11] Starting scheduling ...
INFO: [SCHED 204-61] Pipelining loop 'readAdj1'.
INFO: [SCHED 204-61] Pipelining result : Target II = 1, Final II = 1, Depth = 2.
INFO: [SCHED 204-61] Pipelining loop 'readAdj2'.
INFO: [SCHED 204-61] Pipelining result : Target II = 1, Final II = 1, Depth = 2.
INFO: [SCHED 204-11] Finished scheduling.
INFO: [HLS 200-111]  Elapsed time: 33.14 seconds; current allocated memory: 76.826 MB.
INFO: [BIND 205-100] Starting micro-architecture generation ...
INFO: [BIND 205-101] Performing variable lifetime analysis.
INFO: [BIND 205-101] Exploring resource sharing.
INFO: [BIND 205-101] Binding ...
INFO: [BIND 205-100] Finished micro-architecture generation.
INFO: [HLS 200-111]  Elapsed time: 0.08 seconds; current allocated memory: 77.076 MB.
INFO: [HLS 200-10] ----------------------------------------------------------------
INFO: [HLS 200-10] -- Generating RTL for module 'unite' 
INFO: [HLS 200-10] ----------------------------------------------------------------
INFO: [RTGEN 206-500] Setting interface mode on port 'unite/adj1_data_V' to 's_axilite & ap_none'.
INFO: [RTGEN 206-500] Setting interface mode on port 'unite/adj2_data_V' to 's_axilite & ap_none'.
INFO: [RTGEN 206-500] Setting interface mode on function 'unite' to 'ap_ctrl_hs'.
INFO: [RTGEN 206-100] Bundling port 'adj1_data_V' and 'adj2_data_V' to AXI-Lite port control.
==============================================================
File generated by Vivado(TM) HLS - High-Level Synthesis from C, C++ and SystemC
Version: 2018.2
Copyright (C) 1986-2018 Xilinx, Inc. All Rights Reserved.

==============================================================

INFO: [SYN 201-201] Setting up clock 'default' with a period of 3.33333ns.
INFO: [HLS 200-10] Setting target device to 'xcku5p-sfvb784-3-e'
INFO: [HLS 200-10] Adding design file 'unite.cc' to the project
INFO: [HLS 200-10] Analyzing design file 'unite.cc' ... 
INFO: [HLS 200-111] Finished Linking Time (s): cpu = 00:00:30 ; elapsed = 00:00:31 . Memory (MB): peak = 365.773 ; gain = 0.086 ; free physical = 376 ; free virtual = 6630
INFO: [HLS 200-111] Finished Checking Pragmas Time (s): cpu = 00:00:30 ; elapsed = 00:00:31 . Memory (MB): peak = 365.773 ; gain = 0.086 ; free physical = 376 ; free virtual = 6630
INFO: [HLS 200-10] Starting code transformations ...
INFO: [XFORM 203-603] Inlining function 'hlslib::DataPack<int, 32>::Set' into 'hlslib::DataPack<int, 32>::Fill' (../hlslib/include/hlslib/DataPack.h:103).
INFO: [XFORM 203-603] Inlining function 'hlslib::DataPack<int, 32>::Set' into 'check_sol' (unite.cc:52).
INFO: [XFORM 203-603] Inlining function 'hlslib::DataPack<int, 32>::Set' into 'check_sol' (unite.cc:47).
INFO: [XFORM 203-603] Inlining function 'hlslib::DataPack<int, 32>::Set' into 'readCompare' (unite.cc:38).
INFO: [XFORM 203-603] Inlining function 'hlslib::DataPack<int, 32>::Set' into 'readCompare' (unite.cc:36).
INFO: [XFORM 203-603] Inlining function 'hlslib::DataPack<int, 32>::Set' into 'readItem' (unite.cc:15).
INFO: [XFORM 203-603] Inlining function 'hlslib::DataPack<int, 32>::Fill' into 'unite' (unite.cc:68).
INFO: [XFORM 203-603] Inlining function 'hlslib::DataPack<int, 32>::Fill' into 'check_sol' (unite.cc:45).
INFO: [XFORM 203-603] Inlining function 'hlslib::DataPack<int, 32>::Get' into 'unite' (unite.cc:90).
INFO: [XFORM 203-603] Inlining function 'hlslib::DataPack<int, 32>::Get' into 'unite' (unite.cc:89).
INFO: [XFORM 203-603] Inlining function 'hlslib::DataPack<int, 32>::Get' into 'unite' (unite.cc:84).
INFO: [XFORM 203-603] Inlining function 'hlslib::DataPack<int, 32>::Get' into 'unite' (unite.cc:83).
INFO: [XFORM 203-603] Inlining function 'hlslib::DataPack<int, 32>::Get' into 'unite' (unite.cc:78).
INFO: [XFORM 203-603] Inlining function 'hlslib::DataPack<int, 32>::Get' into 'unite' (unite.cc:77).
INFO: [XFORM 203-603] Inlining function 'hlslib::DataPack<int, 32>::Get' into 'check_sol' (unite.cc:58).
INFO: [XFORM 203-603] Inlining function 'hlslib::DataPack<int, 32>::Get' into 'check_sol' (unite.cc:57).
INFO: [XFORM 203-603] Inlining function 'hlslib::DataPack<int, 32>::Get' into 'check_sol' (unite.cc:52).
INFO: [XFORM 203-603] Inlining function 'hlslib::DataPack<int, 32>::Get' into 'check_sol' (unite.cc:51).
INFO: [XFORM 203-603] Inlining function 'hlslib::DataPack<int, 32>::Get' into 'check_sol' (unite.cc:51).
INFO: [XFORM 203-603] Inlining function 'hlslib::DataPack<int, 32>::Get' into 'check_sol' (unite.cc:51).
INFO: [XFORM 203-603] Inlining function 'hlslib::DataPack<int, 32>::Get' into 'check_sol' (unite.cc:47).
INFO: [XFORM 203-603] Inlining function 'hlslib::DataPack<int, 32>::Get' into 'readCompare' (unite.cc:36).
INFO: [XFORM 203-603] Inlining function 'hlslib::DataPack<int, 32>::Get' into 'readCompare' (unite.cc:29).
INFO: [XFORM 203-603] Inlining function 'hlslib::DataPack<int, 32>::Get' into 'readCompare' (unite.cc:26).
INFO: [XFORM 203-603] Inlining function 'hlslib::DataPack<int, 32>::Get' into 'readItem' (unite.cc:13).
INFO: [XFORM 203-603] Inlining function 'hlslib::Stream<int, 1u>::WriteBlocking.1' into 'hlslib::Stream<int, 1u>::WriteBlocking' (../hlslib/include/hlslib/Stream.h:359).
INFO: [XFORM 203-603] Inlining function 'hlslib::Stream<int, 1u>::WriteBlocking' into 'hlslib::Stream<int, 1u>::Push' (../hlslib/include/hlslib/Stream.h:371).
INFO: [XFORM 203-603] Inlining function 'hlslib::Stream<int, 1u>::Push' into 'readItem' (unite.cc:17).
INFO: [XFORM 203-603] Inlining function 'hlslib::Stream<int, 1u>::ReadBlocking' into 'hlslib::Stream<int, 1u>::Pop' (../hlslib/include/hlslib/Stream.h:263).
INFO: [XFORM 203-603] Inlining function 'hlslib::Stream<int, 1u>::Pop' into 'readCompare' (unite.cc:25).
INFO: [HLS 200-111] Finished Standard Transforms Time (s): cpu = 00:00:31 ; elapsed = 00:00:32 . Memory (MB): peak = 365.953 ; gain = 0.266 ; free physical = 371 ; free virtual = 6625
INFO: [HLS 200-10] Checking synthesizability ...
INFO: [XFORM 203-602] Inlining function 'std::numeric_limits<int>::max' into 'readItem' (../hlslib/include/hlslib/Stream.h:359->../hlslib/include/hlslib/Stream.h:371->unite.cc:17) automatically.
INFO: [XFORM 203-602] Inlining function 'readItem' into 'unite' (unite.cc:71) automatically.
WARNING: [SYNCHK 200-23] ../hlslib/include/hlslib/DataPack.h:95: variable-indexed range selection may cause suboptimal QoR.
WARNING: [SYNCHK 200-77] The top function 'unite' (unite.cc:62) has no outputs. Possible cause(s) are: (1) Output parameters are passed by value; (2) intended outputs (parameters or global variables) are never written; (3) there are infinite loops.
INFO: [SYNCHK 200-10] 0 error(s), 2 warning(s).
INFO: [HLS 200-111] Finished Checking Synthesizability Time (s): cpu = 00:00:31 ; elapsed = 00:00:32 . Memory (MB): peak = 365.953 ; gain = 0.266 ; free physical = 367 ; free virtual = 6621
INFO: [XFORM 203-502] Unrolling all sub-loops inside loop 'readAdj2' (unite.cc:23) in function 'readCompare' for pipelining.
INFO: [XFORM 203-501] Unrolling loop 'DataPack_Fill' (../hlslib/include/hlslib/DataPack.h:101) in function 'unite' completely.
INFO: [XFORM 203-501] Unrolling loop 'Compare' (unite.cc:28) in function 'readCompare' completely.
INFO: [XFORM 203-501] Unrolling loop 'ShiftOut' (unite.cc:35) in function 'readCompare' completely.
INFO: [XFORM 203-501] Unrolling loop 'DataPack_Fill' (../hlslib/include/hlslib/DataPack.h:101) in function 'check_sol' completely.
INFO: [XFORM 203-602] Inlining function 'readItem' into 'unite' (unite.cc:71) automatically.
INFO: [XFORM 203-401] Performing if-conversion on hyperblock from (unite.cc:11:38) to (unite.cc:11:32) in function 'unite'... converting 3 basic blocks.
INFO: [XFORM 203-401] Performing if-conversion on hyperblock from (unite.cc:23:36) to (unite.cc:23:31) in function 'readCompare'... converting 34 basic blocks.
INFO: [HLS 200-111] Finished Pre-synthesis Time (s): cpu = 00:00:32 ; elapsed = 00:00:33 . Memory (MB): peak = 493.926 ; gain = 128.238 ; free physical = 344 ; free virtual = 6599
INFO: [HLS 200-111] Finished Architecture Synthesis Time (s): cpu = 00:00:33 ; elapsed = 00:00:34 . Memory (MB): peak = 493.926 ; gain = 128.238 ; free physical = 342 ; free virtual = 6597
INFO: [HLS 200-10] Starting hardware synthesis ...
INFO: [HLS 200-10] Synthesizing 'unite' ...
INFO: [HLS 200-10] ----------------------------------------------------------------
INFO: [HLS 200-42] -- Implementing module 'readCompare' 
INFO: [HLS 200-10] ----------------------------------------------------------------
INFO: [SCHED 204-11] Starting scheduling ...
INFO: [SCHED 204-61] Pipelining loop 'readAdj2'.
INFO: [SCHED 204-61] Pipelining result : Target II = 1, Final II = 1, Depth = 2.
INFO: [SCHED 204-11] Finished scheduling.
INFO: [HLS 200-111]  Elapsed time: 33.65 seconds; current allocated memory: 86.324 MB.
INFO: [BIND 205-100] Starting micro-architecture generation ...
INFO: [BIND 205-101] Performing variable lifetime analysis.
INFO: [BIND 205-101] Exploring resource sharing.
INFO: [BIND 205-101] Binding ...
INFO: [BIND 205-100] Finished micro-architecture generation.
INFO: [HLS 200-111]  Elapsed time: 0.03 seconds; current allocated memory: 86.407 MB.
INFO: [HLS 200-10] ----------------------------------------------------------------
INFO: [HLS 200-42] -- Implementing module 'unite' 
INFO: [HLS 200-10] ----------------------------------------------------------------
INFO: [SCHED 204-11] Starting scheduling ...
INFO: [SCHED 204-61] Pipelining loop 'readAdj1'.
INFO: [SCHED 204-61] Pipelining result : Target II = 1, Final II = 1, Depth = 2.
INFO: [SCHED 204-11] Finished scheduling.
INFO: [HLS 200-111]  Elapsed time: 0.09 seconds; current allocated memory: 86.579 MB.
INFO: [BIND 205-100] Starting micro-architecture generation ...
INFO: [BIND 205-101] Performing variable lifetime analysis.
INFO: [BIND 205-101] Exploring resource sharing.
INFO: [BIND 205-101]==============================================================
File generated by Vivado(TM) HLS - High-Level Synthesis from C, C++ and SystemC
Version: 2018.2
Copyright (C) 1986-2018 Xilinx, Inc. All Rights Reserved.

==============================================================

INFO: [SYN 201-201] Setting up clock 'default' with a period of 3.33333ns.
INFO: [HLS 200-10] Setting target device to 'xcku5p-sfvb784-3-e'
INFO: [HLS 200-10] Adding design file 'unite.cc' to the project
INFO: [HLS 200-10] Analyzing design file 'unite.cc' ... 
INFO: [HLS 200-111] Finished Linking Time (s): cpu = 00:00:30 ; elapsed = 00:00:31 . Memory (MB): peak = 365.773 ; gain = 0.086 ; free physical = 379 ; free virtual = 6634
INFO: [HLS 200-111] Finished Checking Pragmas Time (s): cpu = 00:00:30 ; elapsed = 00:00:31 . Memory (MB): peak = 365.773 ; gain = 0.086 ; free physical = 379 ; free virtual = 6634
INFO: [HLS 200-10] Starting code transformations ...
INFO: [XFORM 203-603] Inlining function 'hlslib::DataPack<int, 32>::Set' into 'hlslib::DataPack<int, 32>::Fill' (../hlslib/include/hlslib/DataPack.h:103).
INFO: [XFORM 203-603] Inlining function 'hlslib::DataPack<int, 32>::Set' into 'check_sol' (unite.cc:52).
INFO: [XFORM 203-603] Inlining function 'hlslib::DataPack<int, 32>::Set' into 'check_sol' (unite.cc:47).
INFO: [XFORM 203-603] Inlining function 'hlslib::DataPack<int, 32>::Set' into 'readCompare' (unite.cc:38).
INFO: [XFORM 203-603] Inlining function 'hlslib::DataPack<int, 32>::Set' into 'readCompare' (unite.cc:36).
INFO: [XFORM 203-603] Inlining function 'hlslib::DataPack<int, 32>::Set' into 'readItem' (unite.cc:15).
INFO: [XFORM 203-603] Inlining function 'hlslib::DataPack<int, 32>::Fill' into 'unite' (unite.cc:68).
INFO: [XFORM 203-603] Inlining function 'hlslib::DataPack<int, 32>::Fill' into 'check_sol' (unite.cc:45).
INFO: [XFORM 203-603] Inlining function 'hlslib::DataPack<int, 32>::Get' into 'unite' (unite.cc:90).
INFO: [XFORM 203-603] Inlining function 'hlslib::DataPack<int, 32>::Get' into 'unite' (unite.cc:89).
INFO: [XFORM 203-603] Inlining function 'hlslib::DataPack<int, 32>::Get' into 'unite' (unite.cc:84).
INFO: [XFORM 203-603] Inlining function 'hlslib::DataPack<int, 32>::Get' into 'unite' (unite.cc:83).
INFO: [XFORM 203-603] Inlining function 'hlslib::DataPack<int, 32>::Get' into 'unite' (unite.cc:78).
INFO: [XFORM 203-603] Inlining function 'hlslib::DataPack<int, 32>::Get' into 'unite' (unite.cc:77).
INFO: [XFORM 203-603] Inlining function 'hlslib::DataPack<int, 32>::Get' into 'check_sol' (unite.cc:58).
INFO: [XFORM 203-603] Inlining function 'hlslib::DataPack<int, 32>::Get' into 'check_sol' (unite.cc:57).
INFO: [XFORM 203-603] Inlining function 'hlslib::DataPack<int, 32>::Get' into 'check_sol' (unite.cc:52).
INFO: [XFORM 203-603] Inlining function 'hlslib::DataPack<int, 32>::Get' into 'check_sol' (unite.cc:51).
INFO: [XFORM 203-603] Inlining function 'hlslib::DataPack<int, 32>::Get' into 'check_sol' (unite.cc:51).
INFO: [XFORM 203-603] Inlining function 'hlslib::DataPack<int, 32>::Get' into 'check_sol' (unite.cc:51).
INFO: [XFORM 203-603] Inlining function 'hlslib::DataPack<int, 32>::Get' into 'check_sol' (unite.cc:47).
INFO: [XFORM 203-603] Inlining function 'hlslib::DataPack<int, 32>::Get' into 'readCompare' (unite.cc:36).
INFO: [XFORM 203-603] Inlining function 'hlslib::DataPack<int, 32>::Get' into 'readCompare' (unite.cc:29).
INFO: [XFORM 203-603] Inlining function 'hlslib::DataPack<int, 32>::Get' into 'readCompare' (unite.cc:26).
INFO: [XFORM 203-603] Inlining function 'hlslib::DataPack<int, 32>::Get' into 'readItem' (unite.cc:13).
INFO: [XFORM 203-603] Inlining function 'hlslib::Stream<int, 1u>::WriteBlocking.1' into 'hlslib::Stream<int, 1u>::WriteBlocking' (../hlslib/include/hlslib/Stream.h:359).
INFO: [XFORM 203-603] Inlining function 'hlslib::Stream<int, 1u>::WriteBlocking' into 'hlslib::Stream<int, 1u>::Push' (../hlslib/include/hlslib/Stream.h:371).
INFO: [XFORM 203-603] Inlining function 'hlslib::Stream<int, 1u>::Push' into 'readItem' (unite.cc:17).
INFO: [XFORM 203-603] Inlining function 'hlslib::Stream<int, 1u>::ReadBlocking' into 'hlslib::Stream<int, 1u>::Pop' (../hlslib/include/hlslib/Stream.h:263).
INFO: [XFORM 203-603] Inlining function 'hlslib::Stream<int, 1u>::Pop' into 'readCompare' (unite.cc:25).
INFO: [HLS 200-111] Finished Standard Transforms Time (s): cpu = 00:00:31 ; elapsed = 00:00:32 . Memory (MB): peak = 365.953 ; gain = 0.266 ; free physical = 374 ; free virtual = 6629
INFO: [HLS 200-10] Checking synthesizability ...
INFO: [XFORM 203-602] Inlining function 'std::numeric_limits<int>::max' into 'readItem' (../hlslib/include/hlslib/Stream.h:359->../hlslib/include/hlslib/Stream.h:371->unite.cc:17) automatically.
INFO: [XFORM 203-602] Inlining function 'readItem' into 'unite' (unite.cc:71) automatically.
WARNING: [SYNCHK 200-23] ../hlslib/include/hlslib/DataPack.h:95: variable-indexed range selection may cause suboptimal QoR.
WARNING: [SYNCHK 200-77] The top function 'unite' (unite.cc:62) has no outputs. Possible cause(s) are: (1) Output parameters are passed by value; (2) intended outputs (parameters or global variables) are never written; (3) there are infinite loops.
INFO: [SYNCHK 200-10] 0 error(s), 2 warning(s).
INFO: [HLS 200-111] Finished Checking Synthesizability Time (s): cpu = 00:00:31 ; elapsed = 00:00:32 . Memory (MB): peak = 365.953 ; gain = 0.266 ; free physical = 370 ; free virtual = 6625
INFO: [XFORM 203-502] Unrolling all sub-loops inside loop 'readAdj2' (unite.cc:23) in function 'readCompare' for pipelining.
INFO: [XFORM 203-501] Unrolling loop 'DataPack_Fill' (../hlslib/include/hlslib/DataPack.h:101) in function 'unite' completely.
INFO: [XFORM 203-501] Unrolling loop 'Compare' (unite.cc:28) in function 'readCompare' completely.
INFO: [XFORM 203-501] Unrolling loop 'ShiftOut' (unite.cc:35) in function 'readCompare' completely.
INFO: [XFORM 203-501] Unrolling loop 'DataPack_Fill' (../hlslib/include/hlslib/DataPack.h:101) in function 'check_sol' completely.
INFO: [XFORM 203-602] Inlining function 'readItem' into 'unite' (unite.cc:71) automatically.
INFO: [XFORM 203-401] Performing if-conversion on hyperblock from (unite.cc:11:38) to (unite.cc:11:32) in function 'unite'... converting 3 basic blocks.
INFO: [XFORM 203-401] Performing if-conversion on hyperblock from (unite.cc:23:36) to (unite.cc:23:31) in function 'readCompare'... converting 35 basic blocks.
INFO: [HLS 200-111] Finished Pre-synthesis Time (s): cpu = 00:00:32 ; elapsed = 00:00:33 . Memory (MB): peak = 493.930 ; gain = 128.242 ; free physical = 347 ; free virtual = 6602
INFO: [HLS 200-111] Finished Architecture Synthesis Time (s): cpu = 00:00:33 ; elapsed = 00:00:34 . Memory (MB): peak = 493.930 ; gain = 128.242 ; free physical = 345 ; free virtual = 6600
INFO: [HLS 200-10] Starting hardware synthesis ...
INFO: [HLS 200-10] Synthesizing 'unite' ...
INFO: [HLS 200-10] ----------------------------------------------------------------
INFO: [HLS 200-42] -- Implementing module 'readCompare' 
INFO: [HLS 200-10] ----------------------------------------------------------------
INFO: [SCHED 204-11] Starting scheduling ...
INFO: [SCHED 204-61] Pipelining loop 'readAdj2'.
INFO: [SCHED 204-61] Pipelining result : Target II = 1, Final II = 1, Depth = 2.
INFO: [SCHED 204-11] Finished scheduling.
INFO: [HLS 200-111]  Elapsed time: 33.66 seconds; current allocated memory: 86.324 MB.
INFO: [BIND 205-100] Starting micro-architecture generation ...
INFO: [BIND 205-101] Performing variable lifetime analysis.
INFO: [BIND 205-101] Exploring resource sharing.
INFO: [BIND 205-101] Binding ...
INFO: [BIND 205-100] Finished micro-architecture generation.
INFO: [HLS 200-111]  Elapsed time: 0.04 seconds; current allocated memory: 86.407 MB.
INFO: [HLS 200-10] ----------------------------------------------------------------
INFO: [HLS 200-42] -- Implementing module 'unite' 
INFO: [HLS 200-10] ----------------------------------------------------------------
INFO: [SCHED 204-11] Starting scheduling ...
INFO: [SCHED 204-61] Pipelining loop 'readAdj1'.
INFO: [SCHED 204-61] Pipelining result : Target II = 1, Final II = 1, Depth = 2.
INFO: [SCHED 204-11] Finished scheduling.
INFO: [HLS 200-111]  Elapsed time: 0.09 seconds; current allocated memory: 86.580 MB.
INFO: [BIND 205-100] Starting micro-architecture generation ...
INFO: [BIND 205-101] Performing variable lifetime analysis.
INFO: [BIND 205-101] Exploring resource sharing.
INFO: [BIND 205-101]==============================================================
File generated by Vivado(TM) HLS - High-Level Synthesis from C, C++ and SystemC
Version: 2018.2
Copyright (C) 1986-2018 Xilinx, Inc. All Rights Reserved.

==============================================================

==============================================================
File generated by Vivado(TM) HLS - High-Level Synthesis from C, C++ and SystemC
Version: 2018.2
Copyright (C) 1986-2018 Xilinx, Inc. All Rights Reserved.

==============================================================

==============================================================
File generated by Vivado(TM) HLS - High-Level Synthesis from C, C++ and SystemC
Version: 2018.2
Copyright (C) 1986-2018 Xilinx, Inc. All Rights Reserved.

==============================================================

==============================================================
File generated by Vivado(TM) HLS - High-Level Synthesis from C, C++ and SystemC
Version: 2018.2
Copyright (C) 1986-2018 Xilinx, Inc. All Rights Reserved.

==============================================================

INFO: [SYN 201-201] Setting up clock 'default' with a period of 3.33333ns.
INFO: [HLS 200-10] Setting target device to 'xcku5p-sfvb784-3-e'
INFO: [HLS 200-10] Adding design file 'unite.cc' to the project
INFO: [HLS 200-10] Analyzing design file 'unite.cc' ... 
INFO: [HLS 200-111] Finished Linking Time (s): cpu = 00:00:30 ; elapsed = 00:00:31 . Memory (MB): peak = 365.773 ; gain = 0.086 ; free physical = 377 ; free virtual = 6632
INFO: [HLS 200-111] Finished Checking Pragmas Time (s): cpu = 00:00:30 ; elapsed = 00:00:31 . Memory (MB): peak = 365.773 ; gain = 0.086 ; free physical = 377 ; free virtual = 6632
INFO: [HLS 200-10] Starting code transformations ...
INFO: [XFORM 203-603] Inlining function 'hlslib::DataPack<int, 32>::Set' into 'hlslib::DataPack<int, 32>::Fill' (../hlslib/include/hlslib/DataPack.h:103).
INFO: [XFORM 203-603] Inlining function 'hlslib::DataPack<int, 32>::Set' into 'readCompare' (unite.cc:38).
INFO: [XFORM 203-603] Inlining function 'hlslib::DataPack<int, 32>::Set' into 'readCompare' (unite.cc:36).
INFO: [XFORM 203-603] Inlining function 'hlslib::DataPack<int, 32>::Set' into 'readItem' (unite.cc:15).
INFO: [XFORM 203-603] Inlining function 'hlslib::DataPack<int, 32>::Fill' into 'unite' (unite.cc:65).
INFO: [XFORM 203-603] Inlining function 'hlslib::DataPack<int, 32>::Get' into 'unite' (unite.cc:87).
INFO: [XFORM 203-603] Inlining function 'hlslib::DataPack<int, 32>::Get' into 'unite' (unite.cc:86).
INFO: [XFORM 203-603] Inlining function 'hlslib::DataPack<int, 32>::Get' into 'unite' (unite.cc:81).
INFO: [XFORM 203-603] Inlining function 'hlslib::DataPack<int, 32>::Get' into 'unite' (unite.cc:80).
INFO: [XFORM 203-603] Inlining function 'hlslib::DataPack<int, 32>::Get' into 'unite' (unite.cc:75).
INFO: [XFORM 203-603] Inlining function 'hlslib::DataPack<int, 32>::Get' into 'unite' (unite.cc:74).
INFO: [XFORM 203-603] Inlining function 'hlslib::DataPack<int, 32>::Get' into 'check_sol' (unite.cc:54).
INFO: [XFORM 203-603] Inlining function 'hlslib::DataPack<int, 32>::Get' into 'check_sol' (unite.cc:54).
INFO: [XFORM 203-603] Inlining function 'hlslib::DataPack<int, 32>::Get' into 'check_sol' (unite.cc:53).
INFO: [XFORM 203-603] Inlining function 'hlslib::DataPack<int, 32>::Get' into 'check_sol' (unite.cc:53).
INFO: [XFORM 203-603] Inlining function 'hlslib::DataPack<int, 32>::Get' into 'int_in_adj' (unite.cc:46).
INFO: [XFORM 203-603] Inlining function 'hlslib::DataPack<int, 32>::Get' into 'readCompare' (unite.cc:36).
INFO: [XFORM 203-603] Inlining function 'hlslib::DataPack<int, 32>::Get' into 'readCompare' (unite.cc:29).
INFO: [XFORM 203-603] Inlining function 'hlslib::DataPack<int, 32>::Get' into 'readCompare' (unite.cc:26).
INFO: [XFORM 203-603] Inlining function 'hlslib::DataPack<int, 32>::Get' into 'readItem' (unite.cc:13).
INFO: [XFORM 203-603] Inlining function 'hlslib::Stream<int, 1u>::WriteBlocking.1' into 'hlslib::Stream<int, 1u>::WriteBlocking' (../hlslib/include/hlslib/Stream.h:359).
INFO: [XFORM 203-603] Inlining function 'hlslib::Stream<int, 1u>::WriteBlocking' into 'hlslib::Stream<int, 1u>::Push' (../hlslib/include/hlslib/Stream.h:371).
INFO: [XFORM 203-603] Inlining function 'hlslib::Stream<int, 1u>::Push' into 'readItem' (unite.cc:17).
INFO: [XFORM 203-603] Inlining function 'hlslib::Stream<int, 1u>::ReadBlocking' into 'hlslib::Stream<int, 1u>::Pop' (../hlslib/include/hlslib/Stream.h:263).
INFO: [XFORM 203-603] Inlining function 'hlslib::Stream<int, 1u>::Pop' into 'readCompare' (unite.cc:25).
INFO: [HLS 200-111] Finished Standard Transforms Time (s): cpu = 00:00:31 ; elapsed = 00:00:32 . Memory (MB): peak = 365.953 ; gain = 0.266 ; free physical = 372 ; free virtual = 6627
INFO: [HLS 200-10] Checking synthesizability ...
INFO: [XFORM 203-602] Inlining function 'std::numeric_limits<int>::max' into 'readItem' (../hlslib/include/hlslib/Stream.h:359->../hlslib/include/hlslib/Stream.h:371->unite.cc:17) automatically.
INFO: [XFORM 203-602] Inlining function 'int_in_adj' into 'check_sol' (unite.cc:54) automatically.
INFO: [XFORM 203-602] Inlining function 'readItem' into 'unite' (unite.cc:68) automatically.
WARNING: [SYNCHK 200-23] ../hlslib/include/hlslib/DataPack.h:95: variable-indexed range selection may cause suboptimal QoR.
WARNING: [SYNCHK 200-77] The top function 'unite' (unite.cc:59) has no outputs. Possible cause(s) are: (1) Output parameters are passed by value; (2) intended outputs (parameters or global variables) are never written; (3) there are infinite loops.
INFO: [SYNCHK 200-10] 0 error(s), 2 warning(s).
INFO: [HLS 200-111] Finished Checking Synthesizability Time (s): cpu = 00:00:31 ; elapsed = 00:00:32 . Memory (MB): peak = 365.953 ; gain = 0.266 ; free physical = 368 ; free virtual = 6623
INFO: [XFORM 203-502] Unrolling all sub-loops inside loop 'readAdj2' (unite.cc:23) in function 'readCompare' for pipelining.
INFO: [XFORM 203-501] Unrolling loop 'DataPack_Fill' (../hlslib/include/hlslib/DataPack.h:101) in function 'unite' completely.
INFO: [XFORM 203-501] Unrolling loop 'Compare' (unite.cc:28) in function 'readCompare' completely.
INFO: [XFORM 203-501] Unrolling loop 'ShiftOut' (unite.cc:35) in function 'readCompare' completely.
INFO: [XFORM 203-602] Inlining function 'int_in_adj' into 'check_sol' (unite.cc:54) automatically.
INFO: [XFORM 203-602] Inlining function 'readItem' into 'unite' (unite.cc:68) automatically.
INFO: [XFORM 203-401] Performing if-conversion on hyperblock from (unite.cc:11:38) to (unite.cc:11:32) in function 'unite'... converting 3 basic blocks.
INFO: [XFORM 203-401] Performing if-conversion on hyperblock from (unite.cc:23:36) to (unite.cc:23:31) in function 'readCompare'... converting 35 basic blocks.
INFO: [XFORM 203-11] Balancing expressions in function 'readCompare' (unite.cc:22)...30 expression(s) balanced.
INFO: [HLS 200-111] Finished Pre-synthesis Time (s): cpu = 00:00:32 ; elapsed = 00:00:33 . Memory (MB): peak = 493.934 ; gain = 128.246 ; free physical = 345 ; free virtual = 6600
INFO: [HLS 200-111] Finished Architecture Synthesis Time (s): cpu = 00:00:33 ; elapsed = 00:00:34 . Memory (MB): peak = 493.934 ; gain = 128.246 ; free physical = 328 ; free virtual = 6583
INFO: [HLS 200-10] Starting hardware synthesis ...
INFO: [HLS 200-10] Synthesizing 'unite' ...
INFO: [HLS 200-10] ----------------------------------------------------------------
INFO: [HLS 200-42] -- Implementing module 'readCompare' 
INFO: [HLS 200-10] ----------------------------------------------------------------
INFO: [SCHED 204-11] Starting scheduling ...
INFO: [SCHED 204-61] Pipelining loop 'readAdj2'.
INFO: [SCHED 204-61] Pipelining result : Target II = 1, Final II = 1, Depth = 3.
INFO: [SCHED 204-11] Finished scheduling.
INFO: [HLS 200-111]  Elapsed time: 34.13 seconds; current allocated memory: 98.183 MB.
INFO: [BIND 205-100] Starting micro-architecture generation ...
INFO: [BIND 205-101] Performing variable lifetime analysis.
INFO: [BIND 205-101] Exploring resource sharing.
INFO: [BIND 205-101] Binding ...
INFO: [BIND 205-100] Finished micro-architecture generation.
INFO: [HLS 200-111]  Elapsed time: 0.18 seconds; current allocated memory: 98.782 MB.
INFO: [HLS 200-10] ----------------------------------------------------------------
INFO: [HLS 200-42] -- Implementing module 'check_sol' 
INFO: [HLS 200-10] ----------------------------------------------------------------
INFO: [SCHED 204-11] Starting scheduling ...
INFO: [SCHED 204-11] Finished scheduling.
INFO: [HLS 200-111]  Elapsed time: 0.45 seconds; current allocated memory: 99.275 MB.
INFO: [HLS 200-434] Only 0 loops out of a total 3 loops have been pipelined in this design.
INFO: [BIND 205-100] Starting micro-architecture generation ...
INFO: [BIND 205-101] Performing variable lifetime analysis.
INFO: [BIND 205-101] Exploring resource sharing.
INFO: [BIND 205-101] Binding ...
INFO: [BIND 205-100] Finished micro-architecture generation.
INFO: [HLS 200-111]  Elapsed time: 0.14 seconds; current allocated memory: 99.678 MB.
INFO: [HLS 200-10] ----------------------------------------------------------------
INFO: [HLS 200-42] -- Implementing module 'unite' 
INFO: [HLS 200-10] ----------------------------------------------------------------
==============================================================
File generated by Vivado(TM) HLS - High-Level Synthesis from C, C++ and SystemC
Version: 2018.2
Copyright (C) 1986-2018 Xilinx, Inc. All Rights Reserved.

==============================================================

INFO: [SYN 201-201] Setting up clock 'default' with a period of 3.33333ns.
INFO: [HLS 200-10] Setting target device to 'xcku5p-sfvb784-3-e'
INFO: [HLS 200-10] Adding design file 'unite.cc' to the project
INFO: [HLS 200-10] Analyzing design file 'unite.cc' ... 
INFO: [HLS 200-111] Finished Linking Time (s): cpu = 00:00:30 ; elapsed = 00:00:31 . Memory (MB): peak = 365.770 ; gain = 0.086 ; free physical = 375 ; free virtual = 6633
INFO: [HLS 200-111] Finished Checking Pragmas Time (s): cpu = 00:00:30 ; elapsed = 00:00:31 . Memory (MB): peak = 365.770 ; gain = 0.086 ; free physical = 375 ; free virtual = 6633
INFO: [HLS 200-10] Starting code transformations ...
INFO: [XFORM 203-603] Inlining function 'hlslib::DataPack<int, 32>::Set' into 'hlslib::DataPack<int, 32>::Fill' (../hlslib/include/hlslib/DataPack.h:103).
INFO: [XFORM 203-603] Inlining function 'hlslib::DataPack<int, 32>::Set' into 'readCompare' (unite.cc:38).
INFO: [XFORM 203-603] Inlining function 'hlslib::DataPack<int, 32>::Set' into 'readCompare' (unite.cc:36).
INFO: [XFORM 203-603] Inlining function 'hlslib::DataPack<int, 32>::Set' into 'readItem' (unite.cc:15).
INFO: [XFORM 203-603] Inlining function 'hlslib::DataPack<int, 32>::Fill' into 'unite' (unite.cc:68).
INFO: [XFORM 203-603] Inlining function 'hlslib::DataPack<int, 32>::Get' into 'unite' (unite.cc:90).
INFO: [XFORM 203-603] Inlining function 'hlslib::DataPack<int, 32>::Get' into 'unite' (unite.cc:89).
INFO: [XFORM 203-603] Inlining function 'hlslib::DataPack<int, 32>::Get' into 'unite' (unite.cc:84).
INFO: [XFORM 203-603] Inlining function 'hlslib::DataPack<int, 32>::Get' into 'unite' (unite.cc:83).
INFO: [XFORM 203-603] Inlining function 'hlslib::DataPack<int, 32>::Get' into 'unite' (unite.cc:78).
INFO: [XFORM 203-603] Inlining function 'hlslib::DataPack<int, 32>::Get' into 'unite' (unite.cc:77).
INFO: [XFORM 203-603] Inlining function 'hlslib::DataPack<int, 32>::Get' into 'check_sol' (unite.cc:58).
INFO: [XFORM 203-603] Inlining function 'hlslib::DataPack<int, 32>::Get' into 'check_sol' (unite.cc:57).
INFO: [XFORM 203-603] Inlining function 'hlslib::DataPack<int, 32>::Get' into 'check_sol' (unite.cc:55).
INFO: [XFORM 203-603] Inlining function 'hlslib::DataPack<int, 32>::Get' into 'check_sol' (unite.cc:54).
INFO: [XFORM 203-603] Inlining function 'hlslib::DataPack<int, 32>::Get' into 'int_in_adj' (unite.cc:47).
INFO: [XFORM 203-603] Inlining function 'hlslib::DataPack<int, 32>::Get' into 'readCompare' (unite.cc:36).
INFO: [XFORM 203-603] Inlining function 'hlslib::DataPack<int, 32>::Get' into 'readCompare' (unite.cc:29).
INFO: [XFORM 203-603] Inlining function 'hlslib::DataPack<int, 32>::Get' into 'readCompare' (unite.cc:26).
INFO: [XFORM 203-603] Inlining function 'hlslib::DataPack<int, 32>::Get' into 'readItem' (unite.cc:13).
INFO: [XFORM 203-603] Inlining function 'hlslib::Stream<int, 1u>::WriteBlocking.1' into 'hlslib::Stream<int, 1u>::WriteBlocking' (../hlslib/include/hlslib/Stream.h:359).
INFO: [XFORM 203-603] Inlining function 'hlslib::Stream<int, 1u>::WriteBlocking' into 'hlslib::Stream<int, 1u>::Push' (../hlslib/include/hlslib/Stream.h:371).
INFO: [XFORM 203-603] Inlining function 'hlslib::Stream<int, 1u>::Push' into 'readItem' (unite.cc:17).
INFO: [XFORM 203-603] Inlining function 'hlslib::Stream<int, 1u>::ReadBlocking' into 'hlslib::Stream<int, 1u>::Pop' (../hlslib/include/hlslib/Stream.h:263).
INFO: [XFORM 203-603] Inlining function 'hlslib::Stream<int, 1u>::Pop' into 'readCompare' (unite.cc:25).
INFO: [HLS 200-111] Finished Standard Transforms Time (s): cpu = 00:00:31 ; elapsed = 00:00:32 . Memory (MB): peak = 365.949 ; gain = 0.266 ; free physical = 370 ; free virtual = 6629
INFO: [HLS 200-10] Checking synthesizability ...
INFO: [XFORM 203-602] Inlining function 'std::numeric_limits<int>::max' into 'readItem' (../hlslib/include/hlslib/Stream.h:359->../hlslib/include/hlslib/Stream.h:371->unite.cc:17) automatically.
INFO: [XFORM 203-602] Inlining function 'int_in_adj' into 'check_sol' (unite.cc:55) automatically.
INFO: [XFORM 203-602] Inlining function 'readItem' into 'unite' (unite.cc:71) automatically.
WARNING: [SYNCHK 200-23] ../hlslib/include/hlslib/DataPack.h:95: variable-indexed range selection may cause suboptimal QoR.
WARNING: [SYNCHK 200-77] The top function 'unite' (unite.cc:63) has no outputs. Possible cause(s) are: (1) Output parameters are passed by value; (2) intended outputs (parameters or global variables) are never written; (3) there are infinite loops.
INFO: [SYNCHK 200-10] 0 error(s), 2 warning(s).
INFO: [HLS 200-111] Finished Checking Synthesizability Time (s): cpu = 00:00:31 ; elapsed = 00:00:32 . Memory (MB): peak = 365.949 ; gain = 0.266 ; free physical = 366 ; free virtual = 6625
INFO: [XFORM 203-502] Unrolling all sub-loops inside loop 'readAdj2' (unite.cc:23) in function 'readCompare' for pipelining.
INFO: [XFORM 203-501] Unrolling loop 'DataPack_Fill' (../hlslib/include/hlslib/DataPack.h:101) in function 'unite' completely.
INFO: [XFORM 203-501] Unrolling loop 'Compare' (unite.cc:28) in function 'readCompare' completely.
INFO: [XFORM 203-501] Unrolling loop 'ShiftOut' (unite.cc:35) in function 'readCompare' completely.
INFO: [XFORM 203-602] Inlining function 'readItem' into 'unite' (unite.cc:71) automatically.
INFO: [XFORM 203-401] Performing if-conversion on hyperblock from (unite.cc:11:38) to (unite.cc:11:32) in function 'unite'... converting 3 basic blocks.
INFO: [XFORM 203-401] Performing if-conversion on hyperblock from (unite.cc:23:36) to (unite.cc:23:31) in function 'readCompare'... converting 35 basic blocks.
INFO: [HLS 200-111] Finished Pre-synthesis Time (s): cpu = 00:00:32 ; elapsed = 00:00:33 . Memory (MB): peak = 493.926 ; gain = 128.242 ; free physical = 343 ; free virtual = 6601
INFO: [HLS 200-111] Finished Architecture Synthesis Time (s): cpu = 00:00:32 ; elapsed = 00:00:33 . Memory (MB): peak = 493.926 ; gain = 128.242 ; free physical = 341 ; free virtual = 6599
INFO: [HLS 200-10] Starting hardware synthesis ...
INFO: [HLS 200-10] Synthesizing 'unite' ...
INFO: [HLS 200-10] ----------------------------------------------------------------
INFO: [HLS 200-42] -- Implementing module 'readCompare' 
INFO: [HLS 200-10] ----------------------------------------------------------------
INFO: [SCHED 204-11] Starting scheduling ...
INFO: [SCHED 204-61] Pipelining loop 'readAdj2'.
INFO: [SCHED 204-61] Pipelining result : Target II = 1, Final II = 1, Depth = 2.
INFO: [SCHED 204-11] Finished scheduling.
INFO: [HLS 200-111]  Elapsed time: 33.56 seconds; current allocated memory: 86.227 MB.
INFO: [BIND 205-100] Starting micro-architecture generation ...
INFO: [BIND 205-101] Performing variable lifetime analysis.
INFO: [BIND 205-101] Exploring resource sharing.
INFO: [BIND 205-101] Binding ...
INFO: [BIND 205-100] Finished micro-architecture generation.
INFO: [HLS 200-111]  Elapsed time: 0.03 seconds; current allocated memory: 86.310 MB.
INFO: [HLS 200-10] ----------------------------------------------------------------
INFO: [HLS 200-42] -- Implementing module 'unite' 
INFO: [HLS 200-10] ----------------------------------------------------------------
INFO: [SCHED 204-11] Starting scheduling ...
INFO: [SCHED 204-61] Pipelining loop 'readAdj1'.
INFO: [SCHED 204-61] Pipelining result : Target II = 1, Final II = 1, Depth = 2.
INFO: [SCHED 204-11] Finished scheduling.
INFO: [HLS 200-111]  Elapsed time: 0.09 seconds; current allocated memory: 86.482 MB.
INFO: [BIND 205-100] Starting micro-architecture generation ...
INFO: [BIND 205-101] Performing variable lifetime analysis.
INFO: [BIND 205-101] Exploring resource sharing.
INFO: [BIND 205-101] Binding ...
INFO: [BIND 205-100] Finished micro-architecture generation.
INFO: [HLS 200-111]  Elapsed time: 0.06 seconds; current allocated memory: 86.695 MB.
INFO: [HLS 200-10] ----------------------------------------------------------------
INFO: [HLS 200-10] -- Generating RTL for module 'readCompare' 
INFO: [HLS 200-10] ----------------------------------------------------------------
INFO: [RTGEN 206-100] Finished creating RTL model for 'readCompare'.
INFO: [HLS 200-111]  Elapsed time: 0.1 seconds; current allocated memory: 86.935 MB.
INFO