

================================================================
== Vivado HLS Report for 'readCompare'
================================================================
* Date:           Tue Apr 16 23:58:12 2019

* Version:        2018.2 (Build 2258646 on Thu Jun 14 20:25:20 MDT 2018)
* Project:        hls
* Solution:       solution
* Product family: kintexuplus
* Target device:  xcku5p-sfvb784-3-e


================================================================
== Performance Estimates
================================================================
+ Timing (ns): 
    * Summary: 
    +--------+-------+----------+------------+
    |  Clock | Target| Estimated| Uncertainty|
    +--------+-------+----------+------------+
    |ap_clk  |   3.33|     1.458|        0.42|
    +--------+-------+----------+------------+

+ Latency (clock cycles): 
    * Summary: 
    +-----+-----+-----+-----+---------+
    |  Latency  |  Interval | Pipeline|
    | min | max | min | max |   Type  |
    +-----+-----+-----+-----+---------+
    |   34|   34|   34|   34|   none  |
    +-----+-----+-----+-----+---------+

    + Detail: 
        * Instance: 
        N/A

        * Loop: 
        +------------+-----+-----+----------+-----------+-----------+------+----------+
        |            |  Latency  | Iteration|  Initiation Interval  | Trip |          |
        |  Loop Name | min | max |  Latency |  achieved |   target  | Count| Pipelined|
        +------------+-----+-----+----------+-----------+-----------+------+----------+
        |- readAdj2  |   32|   32|         2|          1|          1|    32|    yes   |
        +------------+-----+-----+----------+-----------+-----------+------+----------+



================================================================
== Utilization Estimates
================================================================
* Summary: 
+-----------------+---------+-------+--------+--------+-----+
|       Name      | BRAM_18K| DSP48E|   FF   |   LUT  | URAM|
+-----------------+---------+-------+--------+--------+-----+
|DSP              |        -|      -|       -|       -|    -|
|Expression       |        -|      -|       0|      34|    -|
|FIFO             |        -|      -|       -|       -|    -|
|Instance         |        -|      -|       -|       -|    -|
|Memory           |        -|      -|       -|       -|    -|
|Multiplexer      |        -|      -|       -|      54|    -|
|Register         |        -|      -|      12|       -|    -|
+-----------------+---------+-------+--------+--------+-----+
|Total            |        0|      0|      12|      88|    0|
+-----------------+---------+-------+--------+--------+-----+
|Available        |      960|   1824|  433920|  216960|   64|
+-----------------+---------+-------+--------+--------+-----+
|Utilization (%)  |        0|      0|   ~0   |   ~0   |    0|
+-----------------+---------+-------+--------+--------+-----+

+ Detail: 
    * Instance: 
    N/A

    * DSP48: 
    N/A

    * Memory: 
    N/A

    * FIFO: 
    N/A

    * Expression: 
    +----------------------------------+----------+-------+---+----+------------+------------+
    |           Variable Name          | Operation| DSP48E| FF| LUT| Bitwidth P0| Bitwidth P1|
    +----------------------------------+----------+-------+---+----+------------+------------+
    |i_fu_75_p2                        |     +    |      0|  0|  15|           6|           1|
    |ap_block_pp0_stage0_11001         |    and   |      0|  0|   2|           1|           1|
    |ap_block_state3_pp0_stage0_iter1  |    and   |      0|  0|   2|           1|           1|
    |exitcond_fu_69_p2                 |   icmp   |      0|  0|  11|           6|           7|
    |ap_enable_pp0                     |    xor   |      0|  0|   2|           1|           2|
    |ap_enable_reg_pp0_iter1           |    xor   |      0|  0|   2|           2|           1|
    +----------------------------------+----------+-------+---+----+------------+------------+
    |Total                             |          |      0|  0|  34|          17|          13|
    +----------------------------------+----------+-------+---+----+------------+------------+

    * Multiplexer: 
    +-------------------------+----+-----------+-----+-----------+
    |           Name          | LUT| Input Size| Bits| Total Bits|
    +-------------------------+----+-----------+-----+-----------+
    |ap_NS_fsm                |  21|          4|    1|          4|
    |ap_enable_reg_pp0_iter1  |  15|          3|    1|          3|
    |i_assign_reg_58          |   9|          2|    6|         12|
    |i_in_stream_V_blk_n      |   9|          2|    1|          2|
    +-------------------------+----+-----------+-----+-----------+
    |Total                    |  54|         11|    9|         21|
    +-------------------------+----+-----------+-----+-----------+

    * Register: 
    +-------------------------+---+----+-----+-----------+
    |           Name          | FF| LUT| Bits| Const Bits|
    +-------------------------+---+----+-----+-----------+
    |ap_CS_fsm                |  3|   0|    3|          0|
    |ap_enable_reg_pp0_iter0  |  1|   0|    1|          0|
    |ap_enable_reg_pp0_iter1  |  1|   0|    1|          0|
    |exitcond_reg_81          |  1|   0|    1|          0|
    |i_assign_reg_58          |  6|   0|    6|          0|
    +-------------------------+---+----+-----+-----------+
    |Total                    | 12|   0|   12|          0|
    +-------------------------+---+----+-----+-----------+



================================================================
== Interface
================================================================
* Summary: 
+-----------------------+-----+-----+------------+---------------+--------------+
|       RTL Ports       | Dir | Bits|  Protocol  | Source Object |    C Type    |
+-----------------------+-----+-----+------------+---------------+--------------+
|ap_clk                 |  in |    1| ap_ctrl_hs |  readCompare  | return value |
|ap_rst                 |  in |    1| ap_ctrl_hs |  readCompare  | return value |
|ap_start               |  in |    1| ap_ctrl_hs |  readCompare  | return value |
|ap_done                | out |    1| ap_ctrl_hs |  readCompare  | return value |
|ap_idle                | out |    1| ap_ctrl_hs |  readCompare  | return value |
|ap_ready               | out |    1| ap_ctrl_hs |  readCompare  | return value |
|i_in_stream_V_dout     |  in |   32|   ap_fifo  | i_in_stream_V |    pointer   |
|i_in_stream_V_empty_n  |  in |    1|   ap_fifo  | i_in_stream_V |    pointer   |
|i_in_stream_V_read     | out |    1|   ap_fifo  | i_in_stream_V |    pointer   |
+-----------------------+-----+-----+------------+---------------+--------------+

